[    0.000000] Initializing cgroup subsys cpuset
[    0.000000] Initializing cgroup subsys cpu
[    0.000000] Initializing cgroup subsys cpuacct
[    0.000000] Linux version 4.4.0-146-generic (buildd@lcy01-amd64-025) (gcc version 5.4.0 20160609 (Ubuntu 5.4.0-6ubuntu1~16.04.10) ) #172-Ubuntu SMP Wed Apr 3 09:00:08 UTC 2019 (Ubuntu 4.4.0-146.172-generic 4.4.177)
[    0.000000] Command line: BOOT_IMAGE=/boot/vmlinuz-4.4.0-146-generic root=LABEL=cloudimg-rootfs ro console=tty1 console=ttyS0
[    0.000000] KERNEL supported cpus:
[    0.000000]   Intel GenuineIntel
[    0.000000]   AMD AuthenticAMD
[    0.000000]   Centaur CentaurHauls
[    0.000000] x86/fpu: xstate_offset[2]:  576, xstate_sizes[2]:  256
[    0.000000] x86/fpu: Supporting XSAVE feature 0x01: 'x87 floating point registers'
[    0.000000] x86/fpu: Supporting XSAVE feature 0x02: 'SSE registers'
[    0.000000] x86/fpu: Supporting XSAVE feature 0x04: 'AVX registers'
[    0.000000] x86/fpu: Enabled xstate features 0x7, context size is 832 bytes, using 'standard' format.
[    0.000000] e820: BIOS-provided physical RAM map:
[    0.000000] BIOS-e820: [mem 0x0000000000000000-0x000000000009fbff] usable
[    0.000000] BIOS-e820: [mem 0x000000000009fc00-0x000000000009ffff] reserved
[    0.000000] BIOS-e820: [mem 0x00000000000f0000-0x00000000000fffff] reserved
[    0.000000] BIOS-e820: [mem 0x0000000000100000-0x000000003ffeffff] usable
[    0.000000] BIOS-e820: [mem 0x000000003fff0000-0x000000003fffffff] ACPI data
[    0.000000] BIOS-e820: [mem 0x00000000fec00000-0x00000000fec00fff] reserved
[    0.000000] BIOS-e820: [mem 0x00000000fee00000-0x00000000fee00fff] reserved
[    0.000000] BIOS-e820: [mem 0x00000000fffc0000-0x00000000ffffffff] reserved
[    0.000000] NX (Execute Disable) protection: active
[    0.000000] SMBIOS 2.5 present.
[    0.000000] Hypervisor detected: KVM
[    0.000000] e820: last_pfn = 0x3fff0 max_arch_pfn = 0x400000000
[    0.000000] MTRR: Disabled
[    0.000000] x86/PAT: MTRRs disabled, skipping PAT initialization too.
[    0.000000] CPU MTRRs all blank - virtualized system.
[    0.000000] x86/PAT: Configuration [0-7]: WB  WT  UC- UC  WB  WT  UC- UC  
[    0.000000] found SMP MP-table at [mem 0x0009fff0-0x0009ffff] mapped at [ffff88000009fff0]
[    0.000000] Scanning 1 areas for low memory corruption
[    0.000000] RAMDISK: [mem 0x362fc000-0x37175fff]
[    0.000000] ACPI: Early table checksum verification disabled
[    0.000000] ACPI: RSDP 0x00000000000E0000 000024 (v02 VBOX  )
[    0.000000] ACPI: XSDT 0x000000003FFF0030 00003C (v01 VBOX   VBOXXSDT 00000001 ASL  00000061)
[    0.000000] ACPI: FACP 0x000000003FFF00F0 0000F4 (v04 VBOX   VBOXFACP 00000001 ASL  00000061)
[    0.000000] ACPI: DSDT 0x000000003FFF0470 0021FF (v02 VBOX   VBOXBIOS 00000002 INTL 20180105)
[    0.000000] ACPI: FACS 0x000000003FFF0200 000040
[    0.000000] ACPI: FACS 0x000000003FFF0200 000040
[    0.000000] ACPI: APIC 0x000000003FFF0240 00005C (v02 VBOX   VBOXAPIC 00000001 ASL  00000061)
[    0.000000] ACPI: SSDT 0x000000003FFF02A0 0001CC (v01 VBOX   VBOXCPUT 00000002 INTL 20180105)
[    0.000000] No NUMA configuration found
[    0.000000] Faking a node at [mem 0x0000000000000000-0x000000003ffeffff]
[    0.000000] NODE_DATA(0) allocated [mem 0x3ffeb000-0x3ffeffff]
[    0.000000] kvm-clock: Using msrs 4b564d01 and 4b564d00
[    0.000000] kvm-clock: cpu 0, msr 0:3ffe3001, primary cpu clock
[    0.000000] kvm-clock: using sched offset of 17514925288 cycles
[    0.000000] clocksource: kvm-clock: mask: 0xffffffffffffffff max_cycles: 0x1cd42e4dffb, max_idle_ns: 881590591483 ns
[    0.000000] Zone ranges:
[    0.000000]   DMA      [mem 0x0000000000001000-0x0000000000ffffff]
[    0.000000]   DMA32    [mem 0x0000000001000000-0x000000003ffeffff]
[    0.000000]   Normal   empty
[    0.000000]   Device   empty
[    0.000000] Movable zone start for each node
[    0.000000] Early memory node ranges
[    0.000000]   node   0: [mem 0x0000000000001000-0x000000000009efff]
[    0.000000]   node   0: [mem 0x0000000000100000-0x000000003ffeffff]
[    0.000000] Initmem setup node 0 [mem 0x0000000000001000-0x000000003ffeffff]
[    0.000000] ACPI: PM-Timer IO Port: 0x4008
[    0.000000] IOAPIC[0]: apic_id 2, version 32, address 0xfec00000, GSI 0-23
[    0.000000] ACPI: INT_SRC_OVR (bus 0 bus_irq 0 global_irq 2 dfl dfl)
[    0.000000] ACPI: INT_SRC_OVR (bus 0 bus_irq 9 global_irq 9 low level)
[    0.000000] Using ACPI (MADT) for SMP configuration information
[    0.000000] smpboot: Allowing 2 CPUs, 0 hotplug CPUs
[    0.000000] PM: Registered nosave memory: [mem 0x00000000-0x00000fff]
[    0.000000] PM: Registered nosave memory: [mem 0x0009f000-0x0009ffff]
[    0.000000] PM: Registered nosave memory: [mem 0x000a0000-0x000effff]
[    0.000000] PM: Registered nosave memory: [mem 0x000f0000-0x000fffff]
[    0.000000] e820: [mem 0x40000000-0xfebfffff] available for PCI devices
[    0.000000] Booting paravirtualized kernel on KVM
[    0.000000] clocksource: refined-jiffies: mask: 0xffffffff max_cycles: 0xffffffff, max_idle_ns: 7645519600211568 ns
[    0.000000] setup_percpu: NR_CPUS:512 nr_cpumask_bits:512 nr_cpu_ids:2 nr_node_ids:1
[    0.000000] PERCPU: Embedded 34 pages/cpu @ffff88003fc00000 s99480 r8192 d31592 u1048576
[    0.000000] Built 1 zonelists in Node order, mobility grouping on.  Total pages: 257912
[    0.000000] Policy zone: DMA32
[    0.000000] Kernel command line: BOOT_IMAGE=/boot/vmlinuz-4.4.0-146-generic root=LABEL=cloudimg-rootfs ro console=tty1 console=ttyS0
[    0.000000] PID hash table entries: 4096 (order: 3, 32768 bytes)
[    0.000000] Memory: 997736K/1048120K available (8609K kernel code, 1334K rwdata, 4028K rodata, 1484K init, 1284K bss, 50384K reserved, 0K cma-reserved)
[    0.000000] SLUB: HWalign=64, Order=0-3, MinObjects=0, CPUs=2, Nodes=1
[    0.000000] Kernel/User page tables isolation: enabled
[    0.000000] Hierarchical RCU implementation.
[    0.000000] 	Build-time adjustment of leaf fanout to 64.
[    0.000000] 	RCU restricting CPUs from NR_CPUS=512 to nr_cpu_ids=2.
[    0.000000] RCU: Adjusting geometry for rcu_fanout_leaf=64, nr_cpu_ids=2
[    0.000000] NR_IRQS:33024 nr_irqs:440 16
[    0.000000] Console: colour VGA+ 80x25
[    0.000000] console [tty1] enabled
[    0.000000] console [ttyS0] enabled
[    0.000000] tsc: Detected 2199.986 MHz processor
[    5.232571] Calibrating delay loop (skipped) preset value.. 4399.97 BogoMIPS (lpj=8799944)
[    5.306578] pid_max: default: 32768 minimum: 301
[    5.332102] ACPI: Core revision 20150930
[    5.364838] ACPI: 2 ACPI AML tables successfully acquired and loaded
[    5.422803] Security Framework initialized
[    5.450125] Yama: becoming mindful.
[    5.477505] AppArmor: AppArmor initialized
[    5.507324] Dentry cache hash table entries: 131072 (order: 8, 1048576 bytes)
[    5.555301] Inode-cache hash table entries: 65536 (order: 7, 524288 bytes)
[    5.601575] Mount-cache hash table entries: 2048 (order: 2, 16384 bytes)
[    5.648615] Mountpoint-cache hash table entries: 2048 (order: 2, 16384 bytes)
[    5.688141] Initializing cgroup subsys io
[    5.728554] Initializing cgroup subsys memory
[    5.762419] Initializing cgroup subsys devices
[    5.792278] Initializing cgroup subsys freezer
[    5.818016] Initializing cgroup subsys net_cls
[    5.854726] Initializing cgroup subsys perf_event
[    5.894567] Initializing cgroup subsys net_prio
[    5.926012] Initializing cgroup subsys hugetlb
[    5.957947] Initializing cgroup subsys pids
[    6.119044] mce: CPU supports 0 MCE banks
[    6.153341] Last level iTLB entries: 4KB 64, 2MB 8, 4MB 8
[    6.219672] Last level dTLB entries: 4KB 64, 2MB 0, 4MB 0, 1GB 4
[    6.306389] Spectre V2 : Mitigation: Full generic retpoline
[    6.413355] Spectre V2 : Spectre v2 / SpectreRSB mitigation: Filling RSB on context switch
[    6.492204] Speculative Store Bypass: Vulnerable
[    6.601699] Freeing SMP alternatives memory: 36K
[    6.780740] ftrace: allocating 32287 entries in 127 pages
[    7.895032] smpboot: APIC(0) Converting physical 0 to logical package 0
[    7.934884] smpboot: Max logical packages: 1
[    7.971240] x2apic enabled
[    7.997909] Switched APIC routing to physical x2apic.
[    8.054373] ..TIMER: vector=0x30 apic1=0 pin1=2 apic2=-1 pin2=-1
[    8.215051] APIC calibration not consistent with PM-Timer: 119ms instead of 100ms
[    8.268133] APIC delta adjusted to PM-Timer: 6244345 (7487897)
[    8.306064] smpboot: CPU0: Intel(R) Xeon(R) CPU E5-2650 v4 @ 2.20GHz (family: 0x6, model: 0x4f, stepping: 0x1)
[    8.384228] Performance Events: unsupported p6 CPU model 79 no PMU driver, software events only.
[    8.594940] KVM setup paravirtual spinlock
[    8.629672] x86: Booting SMP configuration:
[    8.654100] .... node  #0, CPUs:      #1
[    8.704774] kvm-clock: cpu 1, msr 0:3ffe3041, secondary cpu clock
[    8.780609] mce: CPU supports 0 MCE banks
[    8.855558] x86: Booted up 1 node, 2 CPUs
[    8.945246] smpboot: Total of 2 processors activated (8799.94 BogoMIPS)
[    9.046573] devtmpfs: initialized
[    9.146463] evm: security.selinux
[    9.214356] evm: security.SMACK64
[    9.259914] evm: security.SMACK64EXEC
[    9.302638] evm: security.SMACK64TRANSMUTE
[    9.359990] evm: security.SMACK64MMAP
[    9.396058] evm: security.ima
[    9.416322] evm: security.capability
[    9.447702] clocksource: jiffies: mask: 0xffffffff max_cycles: 0xffffffff, max_idle_ns: 7645041785100000 ns
[    9.512881] futex hash table entries: 512 (order: 3, 32768 bytes)
[    9.552418] pinctrl core: initialized pinctrl subsystem
[    9.587365] RTC time: 13:51:33, date: 04/30/19
[    9.618400] NET: Registered protocol family 16
[    9.653254] cpuidle: using governor ladder
[    9.703275] cpuidle: using governor menu
[    9.751256] PCCT header not found.
[    9.785275] ACPI: bus type PCI registered
[    9.814337] acpiphp: ACPI Hot Plug PCI Controller Driver version: 0.5
[    9.866231] PCI: Using configuration type 1 for base access
[    9.942067] ACPI: Added _OSI(Module Device)
[    9.977872] ACPI: Added _OSI(Processor Device)
[   10.010137] ACPI: Added _OSI(3.0 _SCP Extensions)
[   10.051385] ACPI: Added _OSI(Processor Aggregator Device)
[   10.090007] ACPI: Executed 1 blocks of module-level executable AML code
[   10.146643] ACPI: Interpreter enabled
[   10.196064] ACPI: (supports S0 S5)
[   10.309145] ACPI: Using IOAPIC for interrupt routing
[   10.440331] PCI: Using host bridge windows from ACPI; if necessary, use "pci=nocrs" and report a bug
[   10.720743] ACPI: PCI Root Bridge [PCI0] (domain 0000 [bus 00-ff])
[   10.761833] acpi PNP0A03:00: _OSC: OS supports [ASPM ClockPM Segments MSI]
[   10.816425] acpi PNP0A03:00: _OSC: not requesting OS control; OS requires [ExtendedConfig ASPM ClockPM MSI]
[   10.893551] acpi PNP0A03:00: fail to add MMCONFIG information, can't access extended PCI configuration space under this bridge.
[   10.988288] PCI host bridge to bus 0000:00
[   11.020991] pci_bus 0000:00: root bus resource [io  0x0000-0x0cf7 window]
[   11.067916] pci_bus 0000:00: root bus resource [io  0x0d00-0xffff window]
[   11.117474] pci_bus 0000:00: root bus resource [mem 0x000a0000-0x000bffff window]
[   11.167437] pci_bus 0000:00: root bus resource [mem 0x40000000-0xfdffffff window]
[   11.233236] pci_bus 0000:00: root bus resource [bus 00-ff]
[   11.462188] pci 0000:00:01.1: legacy IDE quirk: reg 0x10: [io  0x01f0-0x01f7]
[   11.512679] pci 0000:00:01.1: legacy IDE quirk: reg 0x14: [io  0x03f6]
[   11.569423] pci 0000:00:01.1: legacy IDE quirk: reg 0x18: [io  0x0170-0x0177]
[   11.640610] pci 0000:00:01.1: legacy IDE quirk: reg 0x1c: [io  0x0376]
[   12.399050] pci 0000:00:07.0: quirk: [io  0x4000-0x403f] claimed by PIIX4 ACPI
[   12.468251] pci 0000:00:07.0: quirk: [io  0x4100-0x410f] claimed by PIIX4 SMB
[   12.739954] ACPI: PCI Interrupt Link [LNKA] (IRQs 5 9 10 *11)
[   12.804046] ACPI: PCI Interrupt Link [LNKB] (IRQs 5 9 *10 11)
[   12.878438] ACPI: PCI Interrupt Link [LNKC] (IRQs 5 *9 10 11)
[   12.950214] ACPI: PCI Interrupt Link [LNKD] (IRQs 5 9 10 *11)
[   13.067581] ACPI: Enabled 2 GPEs in block 00 to 07
[   13.299776] vgaarb: setting as boot device: PCI:0000:00:02.0
[   13.362648] vgaarb: device added: PCI:0000:00:02.0,decodes=io+mem,owns=io+mem,locks=none
[   13.421644] vgaarb: loaded
[   13.444318] vgaarb: bridge control possible 0000:00:02.0
[   13.481570] SCSI subsystem initialized
[   13.519361] ACPI: bus type USB registered
[   13.559672] usbcore: registered new interface driver usbfs
[   13.613209] usbcore: registered new interface driver hub
[   13.665740] usbcore: registered new device driver usb
[   13.708716] PCI: Using ACPI for IRQ routing
[   13.773662] NetLabel: Initializing
[   13.812507] NetLabel:  domain hash size = 128
[   13.849674] NetLabel:  protocols = UNLABELED CIPSOv4
[   13.892173] NetLabel:  unlabeled traffic allowed by default
[   13.939705] amd_nb: Cannot enumerate AMD northbridges
[   13.987036] clocksource: Switched to clocksource kvm-clock
[   14.075508] AppArmor: AppArmor Filesystem Enabled
[   14.105260] pnp: PnP ACPI init
[   14.134772] pnp: PnP ACPI: found 3 devices
[   14.173891] clocksource: acpi_pm: mask: 0xffffff max_cycles: 0xffffff, max_idle_ns: 2085701024 ns
[   14.221345] NET: Registered protocol family 2
[   14.269468] TCP established hash table entries: 8192 (order: 4, 65536 bytes)
[   14.305974] TCP bind hash table entries: 8192 (order: 5, 131072 bytes)
[   14.339662] TCP: Hash tables configured (established 8192 bind 8192)
[   14.374584] UDP hash table entries: 512 (order: 2, 16384 bytes)
[   14.404365] UDP-Lite hash table entries: 512 (order: 2, 16384 bytes)
[   14.436290] NET: Registered protocol family 1
[   14.465942] pci 0000:00:00.0: Limiting direct PCI/PCI transfers
[   14.506467] pci 0000:00:01.0: Activating ISA DMA hang workarounds
[   14.611350] Unpacking initramfs...
[   15.460191] Freeing initrd memory: 14824K
[   15.573645] platform rtc_cmos: registered platform RTC device (no PNP device found)
[   15.711999] Scanning for low memory corruption every 60 seconds
[   15.968382] audit: initializing netlink subsys (disabled)
[   16.050818] audit: type=2000 audit(1556632307.433:1): initialized
[   16.117150] Initialise system trusted keyring
[   16.271270] HugeTLB registered 2 MB page size, pre-allocated 0 pages
[   16.437869] zbud: loaded
[   16.480184] VFS: Disk quotas dquot_6.6.0
[   16.523350] VFS: Dquot-cache hash table entries: 512 (order 0, 4096 bytes)
[   16.577155] squashfs: version 4.0 (2009/01/31) Phillip Lougher
[   16.666054] fuse init (API version 7.23)
[   16.701029] Key type big_key registered
[   16.736827] Allocating IMA MOK and blacklist keyrings.
[   16.815517] Key type asymmetric registered
[   16.969286] Asymmetric key parser 'x509' registered
[   17.043234] Block layer SCSI generic (bsg) driver version 0.4 loaded (major 249)
[   17.373746] io scheduler noop registered
[   17.534629] io scheduler deadline registered (default)
[   17.606767] io scheduler cfq registered
[   17.637107] pci_hotplug: PCI Hot Plug PCI Core version: 0.5
[   17.782878] pciehp: PCI Express Hot Plug Controller Driver version: 0.4
[   17.822782] ACPI: AC Adapter [AC] (on-line)
[   17.848420] input: Power Button as /devices/LNXSYSTM:00/LNXPWRBN:00/input/input0
[   17.935495] ACPI: Power Button [PWRF]
[   17.968571] input: Sleep Button as /devices/LNXSYSTM:00/LNXSLPBN:00/input/input1
[   18.047768] ACPI: Sleep Button [SLPF]
[   18.084696] GHES: HEST is not enabled!
[   18.121993] Serial: 8250/16550 driver, 32 ports, IRQ sharing enabled
[   18.243029] 00:02: ttyS0 at I/O 0x3f8 (irq = 4, base_baud = 115200) is a 16550A
[   18.292372] Linux agpgart interface v0.103
[   18.343563] loop: module loaded
[   18.390114] scsi host0: ata_piix
[   18.417950] scsi host1: ata_piix
[   18.457423] ata1: PATA max UDMA/33 cmd 0x1f0 ctl 0x3f6 bmdma 0xd000 irq 14
[   18.493579] ata2: PATA max UDMA/33 cmd 0x170 ctl 0x376 bmdma 0xd008 irq 15
[   18.529940] libphy: Fixed MDIO Bus: probed
[   18.594699] tun: Universal TUN/TAP device driver, 1.6
[   18.625258] tun: (C) 1999-2004 Max Krasnyansky <maxk@qualcomm.com>
[   18.678436] PPP generic driver version 2.4.2
[   18.796083] ehci_hcd: USB 2.0 'Enhanced' Host Controller (EHCI) Driver
[   18.864608] ehci-pci: EHCI PCI platform driver
[   18.919284] ehci-platform: EHCI generic platform driver
[   18.961258] ohci_hcd: USB 1.1 'Open' Host Controller (OHCI) Driver
[   19.042744] ohci-pci: OHCI PCI platform driver
[   19.069232] ohci-platform: OHCI generic platform driver
[   19.105640] uhci_hcd: USB Universal Host Controller Interface driver
[   19.189073] i8042: PNP: PS/2 Controller [PNP0303:PS2K,PNP0f03:PS2M] at 0x60,0x64 irq 1,12
[   19.271432] serio: i8042 KBD port at 0x60,0x64 irq 1
[   19.307030] serio: i8042 AUX port at 0x60,0x64 irq 12
[   19.351102] mousedev: PS/2 mouse device common for all mice
[   19.413109] rtc_cmos rtc_cmos: rtc core: registered rtc_cmos as rtc0
[   19.510175] rtc_cmos rtc_cmos: alarms up to one day, 114 bytes nvram
[   19.584053] input: AT Translated Set 2 keyboard as /devices/platform/i8042/serio0/input/input2
[   19.639432] i2c /dev entries driver
[   19.639748] device-mapper: uevent: version 1.0.3
[   19.662904] device-mapper: ioctl: 4.34.0-ioctl (2015-10-28) initialised: dm-devel@redhat.com
[   19.662976] ledtrig-cpu: registered to indicate activity on CPUs
[   19.663988] NET: Registered protocol family 10
[   19.664935] NET: Registered protocol family 17
[   19.664956] Key type dns_resolver registered
[   19.666104] registered taskstats version 1
[   19.666141] Loading compiled-in X.509 certificates
[   19.667215] Loaded X.509 cert 'Build time autogenerated kernel key: 4dcb2dc2c7cf43e0c20c44384f68683c20294489'
[   19.667267] zswap: loaded using pool lzo/zbud
[   19.670602] Key type trusted registered
[   19.692793] Key type encrypted registered
[   19.692821] AppArmor: AppArmor sha1 policy hashing enabled
[   19.692835] ima: No TPM chip found, activating TPM-bypass!
[   19.692850] ima: Allocated hash algorithm: sha1
[   19.692880] evm: HMAC attrs: 0x1
[   19.699354]   Magic number: 15:958:888
[   19.844039] rtc_cmos rtc_cmos: setting system clock to 2019-04-30 13:51:43 UTC (1556632303)
[   19.845091] BIOS EDD facility v0.16 2004-Jun-25, 0 devices found
[   19.845091] EDD information not available.
[   21.023927] Freeing unused kernel memory: 1484K
[   21.078737] Write protecting the kernel read-only data: 14336k
[   21.483371] Freeing unused kernel memory: 1620K
[   21.536368] Freeing unused kernel memory: 68K
Loading, please wait...
starting version[   21.767525] random: udevadm: uninitialized urandom read (16 bytes read, 9 bits of entropy available)
 229
[   21.769153] random: systemd-udevd: uninitialized urandom read (16 bytes read, 9 bits of entropy available)
[   21.769288] random: systemd-udevd: uninitialized urandom read (16 bytes read, 9 bits of entropy available)
[   21.769305] random: systemd-udevd: uninitialized urandom read (16 bytes read, 9 bits of entropy available)
[   21.769323] random: systemd-udevd: uninitialized urandom read (16 bytes read, 9 bits of entropy available)
[   22.978639] random: udevadm: uninitialized urandom read (16 bytes read, 9 bits of entropy available)
[   23.049707] random: systemd-udevd: uninitialized urandom read (16 bytes read, 9 bits of entropy available)
[   23.147513] random: systemd-udevd: uninitialized urandom read (16 bytes read, 9 bits of entropy available)
[   23.235898] random: systemd-udevd: uninitialized urandom read (16 bytes read, 9 bits of entropy available)
[   23.238417] random: udevadm: uninitialized urandom read (16 bytes read, 9 bits of entropy available)
[   23.475473] Fusion MPT base driver 3.04.20
[   23.498064] Copyright (c) 1999-2008 LSI Corporation
[   23.522763] e1000: Intel(R) PRO/1000 Network Driver - version 7.3.21-k8-NAPI
[   23.604046] e1000: Copyright (c) 1999-2006 Intel Corporation.
[   23.740235] Fusion MPT SPI Host driver 3.04.20
[   23.789181] AVX2 version of gcm_enc/dec engaged.
[   23.816965] AES CTR mode by8 optimization enabled
[   24.020046] input: ImExPS/2 Generic Explorer Mouse as /devices/platform/i8042/serio1/input/input4
[   27.029342] e1000 0000:00:03.0 eth0: (PCI:33MHz:32-bit) 02:26:7f:6e:ca:81
[   27.310078] e1000 0000:00:03.0 eth0: Intel(R) PRO/1000 Network Connection
[   27.541568] mptbase: ioc0: Initiating bringup
[   27.734236] ioc0: LSI53C1030 A0: Capabilities={Initiator}
[   28.032608] scsi host2: ioc0: LSI53C1030 A0, FwRev=00000000h, Ports=1, MaxQ=256, IRQ=20
[   28.211445] scsi 2:0:0:0: Direct-Access     VBOX     HARDDISK         1.0  PQ: 0 ANSI: 5
[   28.281209] scsi target2:0:0: Beginning Domain Validation
[   28.355486] scsi target2:0:0: Domain Validation skipping write tests
[   28.409224] scsi target2:0:0: Ending Domain Validation
[   28.474442] scsi target2:0:0: asynchronous
[   28.585700] scsi 2:0:1:0: Direct-Access     VBOX     HARDDISK         1.0  PQ: 0 ANSI: 5
[   28.759450] scsi target2:0:1: Beginning Domain Validation
[   28.809201] scsi target2:0:1: Domain Validation skipping write tests
[   28.858483] scsi target2:0:1: Ending Domain Validation
[   28.892295] scsi target2:0:1: asynchronous
[   28.985684] sd 2:0:0:0: Attached scsi generic sg0 type 0
[   29.020288] sd 2:0:0:0: [sda] 20971520 512-byte logical blocks: (10.7 GB/10.0 GiB)
[   29.071402] sd 2:0:1:0: [sdb] 20480 512-byte logical blocks: (10.5 MB/10.0 MiB)
[   29.094653] sd 2:0:1:0: Attached scsi generic sg1 type 0
[   29.417689] sd 2:0:1:0: [sdb] Write Protect is off
[   29.445630] sd 2:0:0:0: [sda] Write Protect is off
[   29.477325] sd 2:0:1:0: [sdb] Incomplete mode parameter data
[   29.510717] sd 2:0:1:0: [sdb] Assuming drive cache: write through
[   29.565577] sd 2:0:0:0: [sda] Incomplete mode parameter data
[   29.604214] sd 2:0:0:0: [sda] Assuming drive cache: write through
[   29.684447]  sda: sda1
[   29.748387] sd 2:0:0:0: [sda] Attached SCSI disk
[   29.861212] sd 2:0:1:0: [sdb] Attached SCSI disk
[   31.529172] e1000 0000:00:08.0 eth1: (PCI:33MHz:32-bit) 08:00:27:d1:55:b4
[   31.586955] e1000 0000:00:08.0 eth1: Intel(R) PRO/1000 Network Connection
[   31.717498] e1000 0000:00:03.0 enp0s3: renamed from eth0
[   31.846475] e1000 0000:00:08.0 enp0s8: renamed from eth1
Begin: Loading essential drivers ... [   40.911013] md: linear personality registered for level -1
[   41.074000] md: multipath personality registered for level -4
[   41.213576] md: raid0 personality registered for level 0
[   41.356310] md: raid1 personality registered for level 1
[   41.679344] raid6: sse2x1   gen()  3142 MB/s
[   41.780116] raid6: sse2x1   xor()  1274 MB/s
[   41.879320] raid6: sse2x2   gen()  2629 MB/s
[   41.975332] raid6: sse2x2   xor()  2244 MB/s
[   42.100665] raid6: sse2x4   gen()  4038 MB/s
[   42.259312] raid6: sse2x4   xor()  2630 MB/s
[   42.379491] raid6: avx2x1   gen()  8384 MB/s
[   42.549321] raid6: avx2x2   gen()  4500 MB/s
[   42.719313] raid6: avx2x4   gen()  9373 MB/s
[   42.749949] raid6: using algorithm avx2x4 gen() 9373 MB/s
[   42.814035] raid6: using avx2x2 recovery algorithm
[   42.897852] xor: automatically using best checksumming function:
[   42.996810]    avx       : 35336.000 MB/sec
[   43.077291] async_tx: api initialized (async)
[   43.326826] md: raid6 personality registered for level 6
[   43.390921] md: raid5 personality registered for level 5
[   43.443345] md: raid4 personality registered for level 4
[   43.744782] md: raid10 personality registered for level 10
done.
Begin: Running /scripts/init-premount ... done.
Begin: Mounting root file system ... Begin: Running /scripts/local-top ... done.
Begin: Running /scripts/local-premount ... [   44.181801] Btrfs loaded
Scanning for Btrfs filesystems
done.
Warning: fsck not present, so skipping root file system
[   44.606326] EXT4-fs (sda1): mounted filesystem with ordered data mode. Opts: (null)
done.
Begin: Running /scripts/local-bottom ... done.
Begin: Running /scripts/init-bottom ... [   44.815971] random: nonblocking pool is initialized
done.
[   45.625660] systemd[1]: systemd 229 running in system mode. (+PAM +AUDIT +SELINUX +IMA +APPARMOR +SMACK +SYSVINIT +UTMP +LIBCRYPTSETUP +GCRYPT +GNUTLS +ACL +XZ -LZ4 +SECCOMP +BLKID +ELFUTILS +KMOD -IDN)
[   45.803230] systemd[1]: Detected virtualization oracle.
[   45.847782] systemd[1]: Detected architecture x86-64.

Welcome to [1mUbuntu 16.04.6 LTS[0m!

[   45.978660] systemd[1]: Set hostname to <ubuntu>.
[   46.065111] systemd[1]: Initializing machine ID from random generator.
[   46.114458] systemd[1]: Installed transient /etc/machine-id file.
[   47.679725] systemd[1]: Listening on Journal Audit Socket.
[[0;32m  OK  [0m] Listening on Journal Audit Socket.
[   47.825904] systemd[1]: Listening on Syslog Socket.
[[0;32m  OK  [0m] Listening on Syslog Socket.
[   47.962570] systemd[1]: Listening on Journal Socket.
[[0;32m  OK  [0m] Listening on Journal Socket.
[   48.294624] systemd[1]: Reached target System Time Synchronized.
[[0;32m  OK  [0m] Reached target System Time Synchronized.
[   48.441476] systemd[1]: Set up automount Arbitrary Executable File Formats File System Automount Point.
[[0;32m  OK  [0m] Set up automount Arbitrary Executab...ats File System Automount Point.
[   48.718693] systemd[1]: Listening on /dev/initctl Compatibility Named Pipe.
[[0;32m  OK  [0m] Listening on /dev/initctl Compatibility Named Pipe.
[   48.970197] systemd[1]: Started Trigger resolvconf update for networkd DNS.
[[0;32m  OK  [0m] Started Trigger resolvconf update for networkd DNS.
[   49.109805] systemd[1]: Reached target Encrypted Volumes.
[[0;32m  OK  [0m] Reached target Encrypted Volumes.
[   49.198759] systemd[1]: Listening on LVM2 metadata daemon socket.
[[0;32m  OK  [0m] Listening on LVM2 metadata daemon socket.
[   49.354143] systemd[1]: Started Forward Password Requests to Wall Directory Watch.
[[0;32m  OK  [0m] Started Forward Password Requests to Wall Directory Watch.
[   49.534258] systemd[1]: Reached target Swap.
[[0;32m  OK  [0m] Reached target Swap.
[   49.641188] systemd[1]: Listening on Journal Socket (/dev/log).
[[0;32m  OK  [0m] Listening on Journal Socket (/dev/log).
[   49.812389] systemd[1]: Created slice User and Session Slice.
[[0;32m  OK  [0m] Created slice User and Session Slice.
[   49.957837] systemd[1]: Listening on Device-mapper event daemon FIFOs.
[[0;32m  OK  [0m] Listening on Device-mapper event daemon FIFOs.
[   50.116949] systemd[1]: Reached target User and Group Name Lookups.
[[0;32m  OK  [0m] Reached target User and Group Name Lookups.
[   50.313557] systemd[1]: Created slice System Slice.
[[0;32m  OK  [0m] Created slice System Slice.
[   50.463682] systemd[1]: Mounting Debug File System...
         Mounting Debug File System...
[   50.637009] systemd[1]: Starting Uncomplicated firewall...
         Starting Uncomplicated firewall...
[   50.732102] systemd[1]: Created slice system-serial\x2dgetty.slice.
[[0;32m  OK  [0m] Created slice system-serial\x2dgetty.slice.
[   50.901778] systemd[1]: Starting Load Kernel Modules...
         Startin[   51.047856] Loading iSCSI transport class v2.0-870.
g Load Kernel Modules...
[   51.179469] systemd[1]: Starting Set console keymap...
         Startin[   51.390207] iscsi: registered transport (tcp)
g Set console keymap...
[   51.577519] systemd[1]: Starting Nameserver information manager...
         Starting Nameserver information manager...
[   51.749035] systemd[1]: Mounting POSIX Message Queue File System...
         Mounting POSIX Message Queue File System...
[   51.964903] systemd[1]: Starting Journal Service...
[   52.046248] iscsi: registered transport (iser)
         Starting Journal Service...
[   52.171019] systemd[1]: Mounting Huge Pages File System...
         Mounting Huge Pages File System...
[   52.371146] systemd[1]: Starting Monitoring of LVM2 mirrors, snapshots etc. using dmeventd or progress polling...
         Starting Monitoring of LVM2 mirrors... dmeventd or progress polling...
[   52.565674] systemd[1]: Starting Remount Root and Kernel File Systems...
[   52.596743] EXT4-fs (sda1): re-mounted. Opts: (null)
         Starting Remount Root and Kernel File Systems...
[   52.867097] systemd[1]: Listening on udev Kernel Socket.
[[0;32m  OK  [0m] Listening on udev Kernel Socket.
[   53.065846] systemd[1]: Reached target Slices.
[[0;32m  OK  [0m] Reached target Slices.
[   53.240889] systemd[1]: Starting Create list of required static device nodes for the current kernel...
         Starting Create list of required st... nodes for the current kernel...
[   53.410531] systemd[1]: Listening on udev Control Socket.
[[0;32m  OK  [0m] Listening on udev Control Socket.
[   53.509118] systemd[1]: Listening on LVM2 poll daemon socket.
[[0;32m  OK  [0m] Listening on LVM2 poll daemon socket.
[   53.627112] systemd[1]: Mounted Debug File System.
[[0;32m  OK  [0m] Mounted Debug File System.
[   53.787192] systemd[1]: Mounted Huge Pages File System.
[[0;32m  OK  [0m] Mounted Huge Pages File System.
[   53.940972] systemd[1]: Mounted POSIX Message Queue File System.
[[0;32m  OK  [0m] Mounted POSIX Message Queue File System.
[   54.092104] systemd[1]: Started Journal Service.
[[0;32m  OK  [0m] Started Journal Service.
[[0;32m  OK  [0m] Started Uncomplicated firewall.
[[0;32m  OK  [0m] Started Load Kernel Modules.
[[0;32m  OK  [0m] Started Set console keymap.
[[0;32m  OK  [0m] Started Remount Root and Kernel File Systems.
[[0;32m  OK  [0m] Started Create list of required sta...ce nodes for the current kernel.
[[0;32m  OK  [0m] Started Nameserver information manager.
[[0;32m  OK  [0m] Started LVM2 metadata daemon.
         Starting Create Static Device Nodes in /dev...
         Starting Load/Save Random Seed...
         Starting udev Coldplug all Devices...
         Starting Apply Kernel Variables...
         Mounting FUSE Control File System...
         Starting Flush Journal to Persistent Storage...
[[0;32m  OK  [0m] Mounted FUSE Control File System.
[[0;32m  OK  [0m] Started Monitoring of LVM2 mirrors,...ng dmeventd or progress polling.
[[0;32m  OK  [0m] Started Create Static Device Nodes in /dev.
[[0;32m  OK  [0m] Started Load/Save Random Seed.
[[0;32m  OK  [0m] Started Apply Kernel Variables.
[[0;32m  OK  [0m] Started udev Coldplug all Devices.
[[0;32m  OK  [0m] Started Flush Journal to Persistent Storage.
         Starting udev Kernel Device Manager...
[[0;32m  OK  [0m] Reached target Local File Systems (Pre).
[[0;32m  OK  [0m] Reached target Local File Systems.
         Starting Set console font and keymap...
         Starting Commit a transient machine-id on disk...
         Starting Tell Plymouth To Write Out Runtime Data...
         Starting LSB: AppArmor initialization...
         Starting Initial cloud-init job (pre-networking)...
[   52.752888] cloud-init[626]: Cloud-init v. 18.5-45-g3554ffe8-0ubuntu1~16.04.1 running 'init-local' at Tue, 30 Apr 2019 13:52:26 +0000. Up 51.40 seconds.
         Starting Create Volatile Files and Directories...
[[0;32m  OK  [0m] Started udev Kernel Device Manager.
[[0;32m  OK  [0m] Started Commit a transient machine-id on disk.
[[0;32m  OK  [0m] Started Tell Plymouth To Write Out Runtime Data.
[[0;32m  OK  [0m] Started Create Volatile Files and Directories.
[[0;32m  OK  [0m] Started Initial cloud-init job (pre-networking).
[[0;32m  OK  [0m] Started Set console font and keymap.
[[0;32m  OK  [0m] Found device /dev/ttyS0.
[[0;32m  OK  [0m] Listening on Load/Save RF Kill Switch Status /dev/rfkill Watch.
[[0;32m  OK  [0m] Created slice system-getty.slice.
[[0;32m  OK  [0m] Reached target Network (Pre).
         Starting Update UTMP about System Boot/Shutdown...
[[0;32m  OK  [0m] Started Dispatch Password Requests to Console Directory Watch.
[[0;32m  OK  [0m] Started Update UTMP about System Boot/Shutdown.
[[0;32m  OK  [0m] Started LSB: AppArmor initialization.
         Starting Raise network interfaces...
[[0;32m  OK  [0m] Started Raise network interfaces.
         Starting Initial cloud-init job (metadata service crawler)...
[[0;32m  OK  [0m] Reached target Network.
[   79.943108] cloud-init[952]: Cloud-init v. 18.5-45-g3554ffe8-0ubuntu1~16.04.1 running 'init' at Tue, 30 Apr 2019 13:52:51 +0000. Up 76.73 seconds.
[   80.038842] cloud-init[952]: ci-info: ++++++++++++++++++++++++++++++++++++++Net device info+++++++++++++++++++++++++++++++++++++++
[   80.134550] cloud-init[952]: ci-info: +--------+-------+----------------------------+---------------+--------+-------------------+
[   80.217641] cloud-init[952]: ci-info: | Device |   Up  |          Address           |      Mask     | Scope  |     Hw-Address    |
[   80.418749] cloud-init[952]: ci-info: +--------+-------+----------------------------+---------------+--------+-------------------+
[   80.419273] cloud-init[952]: ci-info: | enp0s3 |  True |         10.0.2.15          | 255.255.255.0 | global | 02:26:7f:6e:ca:81 |
[   80.419501] cloud-init[952]: ci-info: | enp0s3 |  True | fe80::26:7fff:fe6e:ca81/64 |       .       |  link  | 02:26:7f:6e:ca:81 |
[   80.425696] cloud-init[952]: ci-info: | enp0s8 | False |             .              |       .       |   .    | 08:00:27:d1:55:b4 |
[   80.425858] cloud-init[952]: ci-info: |   lo   |  True |         127.0.0.1          |   255.0.0.0   |  host  |         .         |
[   80.426250] cloud-init[952]: ci-info: |   lo   |  True |          ::1/128           |       .       |  host  |         .         |
[   80.427032] cloud-init[952]: ci-info: +--------+-------+----------------------------+---------------+--------+-------------------+
[   80.427186] cloud-init[952]: ci-info: +++++++++++++++++++++++++++Route IPv4 info++++++++++++++++++++++++++++
[   80.427295] cloud-init[952]: ci-info: +-------+-------------+----------+---------------+-----------+-------+
[   80.427400] cloud-init[952]: ci-info: | Route | Destination | Gateway  |    Genmask    | Interface | Flags |
[   80.427512] cloud-init[952]: ci-info: +-------+-------------+----------+---------------+-----------+-------+
[   80.427608] cloud-init[952]: ci-info: |   0   |   0.0.0.0   | 10.0.2.2 |    0.0.0.0    |   enp0s3  |   UG  |
[   80.427744] cloud-init[952]: ci-info: |   1   |   10.0.2.0  | 0.0.0.0  | 255.255.255.0 |   enp0s3  |   U   |
[   80.427864] cloud-init[952]: ci-info: +-------+-------------+----------+---------------+-----------+-------+
[   80.428004] cloud-init[952]: ci-info: +++++++++++++++++++Route IPv6 info+++++++++++++++++++
[[0;32m  OK  [0m] Started Initial cloud-init job (metadata service crawler).
[   80.428687] cloud-init[952]: ci-info: +-------+-------------+---------+-----------+-------+
[   82.303583] cloud-init[952]: ci-info: | Route | Destination | Gateway | Interface | Flags |
[[0;32m  OK  [0m] Reached target Network is Online.
[   82.324807] cloud-init[952]: ci-info: +-------+-------------+---------+-----------+-------+
[   82.640797] cloud-init[952]: ci-info: |   0   |  fe80::/64  |    ::   |   enp0s3  |   U   |
[   82.735432] cloud-init[952]: ci-info: |   4   |   ff00::/8  |    ::   |   enp0s3  |   U   |
         Starting iSCSI initiator daemon (iscsid)...
[[0;32m  OK  [0m] Reached target System Initialization.
[[0;32m  OK  [0m] Started Daily Cleanup of Temporary Directories.
[[0;32m  OK  [0m] Listening on D-Bus System Message Bus Socket.
[[0;32m  OK  [0m] Started Daily apt download activities.
[[0;32m  OK  [0m] Listening on UUID daemon activation socket.
[   82.796891] cloud-init[952]: ci-info: +-------+-------------+---------+-----------+-------+
[   83.307679] [cloud-init[0;32m  OK  [0m[952]: ] Started ACPI Events Check.
Generating public/private rsa key pair.
[[0;32m  OK  [0m] Reached target Paths.
         Starting Socket activation for snappy daemon.
[   83.557663] [cloud-init[0;32m  OK  [0m] Started Daily apt upgrade and clean activities.
[[0;32m  OK  [0m] Reached target Timers.
[952]: Your identification has been saved in /etc/ssh/ssh_host_rsa_key.
[   84.583117]          Starting LXD - unix socket.
cloud-init[952]: Your public key has been saved in /etc/ssh/ssh_host_rsa_key.pub.
[   84.895240] cloud-init[952]: The key fingerprint is:
[   84.915137] cloud-init[952]: SHA256:UkgiGVikYR0HqzJawvixlquZygSgWOrsRXaxXlNfmWw root@ubuntu-xenial
[   84.915241] cloud-init[952]: The key's randomart image is:
[   84.915401] cloud-init[952]: +---[RSA 2048]----+
[   84.915486] cloud-init[952]: |.=*=+..          |
[   84.915564] cloud-init[952]: |oo.ooo .    . o  |
[   84.915649] cloud-init[952]: |o .. .. ..   E   |
[   84.915726] cloud-init[952]: |*o.   o.. . o    |
[   84.916159] cloud-init[952]: |Xooo o.oS  .     |
[   84.916236] cloud-init[952]: |*=o+o ...        |
[   84.916299] cloud-init[952]: |.+=. .           |
[   84.916362] cloud-init[952]: |++..             |
[   84.916431] cloud-init[952]: |*+.              |
[   84.916493] cloud-init[952]: +----[SHA256]-----+
[   84.916555] cloud-init[952]: Generating public/private dsa key pair.
[   84.916617] cloud-init[952]: Your identification has been saved in /etc/ssh/ssh_host_dsa_key.
[   84.916679] cloud-init[952]: Your public key has been saved in /etc/ssh/ssh_host_dsa_key.pub.
[   84.916740] cloud-init[952]: The key fingerprint is:
[   84.916803] cloud-init[952]: SHA256:4WSVm21v8O6cKI+7YHTKRwg/+Aw8SYfLfS08xDa4Km4 root@ubuntu-xenial
[   84.916872] cloud-init[952]: The key's randomart image is:
[   84.916934] cloud-init[952]: +---[DSA 1024]----+
[   84.917013] cloud-init[952]: |          ..     |
[   84.917076] cloud-init[952]: |       . +.      |
[   84.917133] cloud-init[952]: |      + * =+     |
[   84.917193] cloud-init[952]: |     + % Boo+    |
[   84.917297] cloud-init[952]: |      O S B..+   |
[   84.917359] cloud-init[952]: |       O * o  +  |
[   84.917419] cloud-init[952]: |    . . B .  o   |
[   84.917476] cloud-init[952]: |   .E. . o.. o.. |
[   84.917535] cloud-init[952]: |   ..     +=o.+  |
[   84.917592] cloud-init[952]: +----[SHA256]-----+
[   84.917650] cloud-init[952]: Generating public/private ecdsa key pair.
[   84.917714] cloud-init[952]: Your identification has been saved in /etc/ssh/ssh_host_ecdsa_key.
[   84.917772] cloud-init[952]: Your public key has been saved in /etc/ssh/ssh_host_ecdsa_key.pub.
[[0;32m  OK  [0m] Listening on ACPID Listen Socket.
[   84.917833] cloud-init[952]: The key fingerprint is:
[   88.405941] cloud-init[952]: SHA256:Kfs7NyMIfQdBA9GBECQeGXZ+Y+qPIKYu28BXGLD1zug root@ubuntu-xenial
[   88.437985] cloud-init[952]: The key's randomart image is:
[   88.438068] cloud-init[952]: +---[ECDSA 256]---+
[   88.438158] cloud-init[952]: | .===oo*+.       |
[   88.438224] cloud-init[952]: | o==. . o.       |
[   88.438286] cloud-init[952]: | .....+  .       |
[   88.438348] cloud-init[952]: |    *+ ...       |
[   88.438412] cloud-init[952]: |   o.=. S.       |
[   88.438479] cloud-init[952]: |. ..o .o. .      |
[   88.438553] cloud-init[952]: |oo.E...o .       |
[   88.438615] cloud-init[952]: |++.. o..o +      |
[   88.438675] cloud-init[952]: |=o. . . o= o     |
[   88.438796] cloud-init[952]: +----[SHA256]-----+
[   88.438878] cloud-init[952]: Generating public/private ed25519 key pair.
[   88.438946] cloud-init[952]: Your identification has been saved in /etc/ssh/ssh_host_ed25519_key.
[   88.439008] cloud-init[[0;32m  OK  [0m] Reached target Cloud-config availability.
[952]: Your public key has been saved in /etc/ssh/ssh_host_ed25519_key.pub.
[   89.512218] cloud-init[952]: The key fingerprint is:[[0;32m  OK  [0m] Listening on Socket activation for snappy daemon.
[[0;32m  OK  [0m] Listening on LXD - unix socket.
[[0;32m  OK  [0m] Started iSCSI initiator daemon (iscsid).

[   89.666371] cloud-init[952]: SHA256:Nj1ei2PiWfxprhNZpJHHPMFuR+U/J5qicjPq9L0tDLI root@ubuntu-xenial
[   89.747015]          Starting Login to default iSCSI targets...
[[0;32m  OK  [0m] Reached target Sockets.
[[0;32m  OK  [0m] Reached target Basic System.
[[0;32m  OK  [0m] Started D-Bus System Message Bus.
cloud-init[952]: The key's randomart image is:
[   89.897701] cloud-init[952]: +--[ED25519 256]--+
[   89.940215] cloud-init[952]: |           =.. ..|
[   90.026714] cloud-init[952]: |          o B .. |
[   90.112938] cloud-init[952]: |           * o  .|
         Starting LSB: Record successful boot for GRUB...
[   90.217844] cloud-init[952]: |         .. + . .|
[   90.285936] cloud-init[952]: |        S o+....o|
[   90.358995] cloud-init[952]: |      ...+o+ + .o|[[0;32m  OK  [0m] Started Deferred execution scheduler.

         Starting LXD - container startup/shutdown...
         Starting Login Service...
         Starting /etc/rc.local Compatibility...
[   90.430633] cloud-init[952]: |      .o.oO.+    |
         Starting Pollinate to seed the pseudo random number generator...
         [   90.557426] cloud-initStarting Accounts Service...
         Starting System Logging Service...
[[0;32m  OK  [0m] Started ACPI event daemon.
         Starting Virtualbox guest utils...
[[0;32m  OK  [0m] Started FUSE filesystem for LXC.
         Starting LSB: MD monitoring daemon...
[952]: |     .Eo+B+=..   |
[   90.698190]          Starting Snappy daemon...
[[0;32m  OK  [0m] Started Regular background program processing daemon.
cloud-init[952]: |     .o+=o+B=    |
[[0;32m  OK  [0m] Started /etc/rc.local Compatibility.
[   90.889382] cloud-init[952]: +----[SHA256]-----+
[[0;32m  OK  [0m] Started System Logging Service.
[[0;32m  OK  [0m] Started Login to default iSCSI targets.
[[0;32m  OK  [0m] Started LSB: Record successful boot for GRUB.
[[0;32m  OK  [0m] Started Login Service.
[[0;32m  OK  [0m] Started LSB: MD monitoring daemon.
[[0;32m  OK  [0m] Started Unattended Upgrades Shutdown.
         Starting Authenticate and Authorize Users to Run Privileged Tasks...
[[0;32m  OK  [0m] Reached target Remote File Systems (Pre).
[[0;32m  OK  [0m] Reached target Remote File Systems.
         Starting Permit User Sessions...
         Starting LSB: Set the CPU Frequency Scaling governor to "ondemand"...
         Starting LSB: daemon to balance interrupts for SMP systems...
         Starting LSB: automatic crash report generation...
[[0;32m  OK  [0m] Started LXD - container startup/shutdown.
[[0;32m  OK  [0m] Started Virtualbox guest utils.
[[0;32m  OK  [0m] Started Permit User Sessions.
[[0;32m  OK  [0m] Started Pollinate to seed the pseudo random number generator.
[[0;32m  OK  [0m] Started Snappy daemon.
[[0;32m  OK  [0m] Started Authenticate and Authorize Users to Run Privileged Tasks.
[[0;32m  OK  [0m] Started Accounts Service.
[[0;32m  OK  [0m] Started LSB: Set the CPU Frequency Scaling governor to "ondemand".
         Starting Wait until snapd is fully seeded...
         Starting OpenBSD Secure Shell server...
         Starting Terminate Plymouth Boot Screen...
         Starting Hold until boot process finishes up...
[[0;32m  OK  [0m] Started LSB: daemon to balance interrupts for SMP systems.
[[0;32m  OK  [0m] Started LSB: automatic crash report generation.
[[0;32m  OK  [0m] Started Terminate Plymouth Boot Screen.
[[0;32m  OK  [0m] Started Hold until boot process finishes up.
[[0;32m  OK  [0m] Started OpenBSD Secure Shell server.
         Starting Set console scheme...
[[0;32m  OK  [0m] Started Serial Getty on ttyS0.
[[0;32m  OK  [0m] Started Getty on tty1.
[[0;32m  OK  [0m] Reached target Login Prompts.
[[0;32m  OK  [0m] Started Set console scheme.
[[0;32m  OK  [0m] Created slice User Slice of vagrant.
         Starting User Manager for UID 1000...
[[0;32m  OK  [0m] Started Session 1 of user vagrant.
[[0;32m  OK  [0m] Started User Manager for UID 1000.

Ubuntu 16.04.6 LTS ubuntu-xenial ttyS0

ubuntu-xenial login: [  104.557858] cloud-init[1457]: Generating locales (this might take a while)...
[  107.640917] cloud-init[1457]:   en_US.UTF-8... done
[  107.645364] cloud-init[1457]: Generation complete.
[  109.857977] cloud-init[1457]: Cloud-init v. 18.5-45-g3554ffe8-0ubuntu1~16.04.1 running 'modules:config' at Tue, 30 Apr 2019 13:53:18 +0000. Up 103.92 seconds.
ci-info: no authorized ssh keys fingerprints found for user ubuntu.
<14>Apr 30 13:53:26 ec2: 
<14>Apr 30 13:53:26 ec2: #############################################################
<14>Apr 30 13:53:26 ec2: -----BEGIN SSH HOST KEY FINGERPRINTS-----
<14>Apr 30 13:53:26 ec2: 1024 SHA256:4WSVm21v8O6cKI+7YHTKRwg/+Aw8SYfLfS08xDa4Km4 root@ubuntu-xenial (DSA)
<14>Apr 30 13:53:26 ec2: 256 SHA256:Kfs7NyMIfQdBA9GBECQeGXZ+Y+qPIKYu28BXGLD1zug root@ubuntu-xenial (ECDSA)
<14>Apr 30 13:53:26 ec2: 256 SHA256:Nj1ei2PiWfxprhNZpJHHPMFuR+U/J5qicjPq9L0tDLI root@ubuntu-xenial (ED25519)
<14>Apr 30 13:53:26 ec2: 2048 SHA256:UkgiGVikYR0HqzJawvixlquZygSgWOrsRXaxXlNfmWw root@ubuntu-xenial (RSA)
<14>Apr 30 13:53:26 ec2: -----END SSH HOST KEY FINGERPRINTS-----
<14>Apr 30 13:53:26 ec2: #############################################################
-----BEGIN SSH HOST KEY KEYS-----
ecdsa-sha2-nistp256 AAAAE2VjZHNhLXNoYTItbmlzdHAyNTYAAAAIbmlzdHAyNTYAAABBBHWmadaqlVPSWBjZmbSQjYvrR4dX4jOEMgkynnySgMYas8X1bbP4b3hIwUhc1JWDczAjM5jrXl61C6WqG/hr6Bs= root@ubuntu-xenial
ssh-ed25519 AAAAC3NzaC1lZDI1NTE5AAAAIP8RGLJYgALqp5MVxL5zUN5oJqgO72PpM0pYaZLJaSeC root@ubuntu-xenial
ssh-rsa AAAAB3NzaC1yc2EAAAADAQABAAABAQDhoc7RvlQZP8C80j6dKLmaeCZzPJZgoPXG+7DMwmXJF8kcrKPOyF5dIXRmJQNpo1R/lq91VoEZIMW5/ffmyC+KKwp6rgFFJ8ynOXPwS1b7WujtK0GD40FrtZMnsVh68MNvoAfgCzWJdc0oIsj7vN0VHIG5ylj8NJ8avvyr7oxTtI5+VmInMnljXrNSIYnRn0R/FLsEgpnKGoW+wq1PAXo6GVLiqAN5PmKVtA7vxShwF8Rddj0VdYzwisCNm87db4yH8HRafqJ5J9ak/eyEr9iN8w1q7vfRyQSbQ2yuXBx3ZzRxQCZQDpEmnFxG6fxxfNem2+x7R2RatrCpqQcHjllV root@ubuntu-xenial
-----END SSH HOST KEY KEYS-----
[  112.449604] cloud-init[1704]: Cloud-init v. 18.5-45-g3554ffe8-0ubuntu1~16.04.1 running 'modules:final' at Tue, 30 Apr 2019 13:53:26 +0000. Up 111.46 seconds.
[  112.449988] cloud-init[1704]: ci-info: no authorized ssh keys fingerprints found for user ubuntu.
[  112.450178] cloud-init[1704]: Cloud-init v. 18.5-45-g3554ffe8-0ubuntu1~16.04.1 finished at Tue, 30 Apr 2019 13:53:27 +0000. Datasource DataSourceNoCloud [seed=/dev/sdb][dsmode=net].  Up 112.40 seconds
