[    0.000000] Initializing cgroup subsys cpuset
[    0.000000] Initializing cgroup subsys cpu
[    0.000000] Initializing cgroup subsys cpuacct
[    0.000000] Linux version 4.4.0-146-generic (buildd@lcy01-amd64-025) (gcc version 5.4.0 20160609 (Ubuntu 5.4.0-6ubuntu1~16.04.10) ) #172-Ubuntu SMP Wed Apr 3 09:00:08 UTC 2019 (Ubuntu 4.4.0-146.172-generic 4.4.177)
[    0.000000] Command line: BOOT_IMAGE=/boot/vmlinuz-4.4.0-146-generic root=LABEL=cloudimg-rootfs ro console=tty1 console=ttyS0
[    0.000000] KERNEL supported cpus:
[    0.000000]   Intel GenuineIntel
[    0.000000]   AMD AuthenticAMD
[    0.000000]   Centaur CentaurHauls
[    0.000000] x86/fpu: xstate_offset[2]:  576, xstate_sizes[2]:  256
[    0.000000] x86/fpu: Supporting XSAVE feature 0x01: 'x87 floating point registers'
[    0.000000] x86/fpu: Supporting XSAVE feature 0x02: 'SSE registers'
[    0.000000] x86/fpu: Supporting XSAVE feature 0x04: 'AVX registers'
[    0.000000] x86/fpu: Enabled xstate features 0x7, context size is 832 bytes, using 'standard' format.
[    0.000000] e820: BIOS-provided physical RAM map:
[    0.000000] BIOS-e820: [mem 0x0000000000000000-0x000000000009fbff] usable
[    0.000000] BIOS-e820: [mem 0x000000000009fc00-0x000000000009ffff] reserved
[    0.000000] BIOS-e820: [mem 0x00000000000f0000-0x00000000000fffff] reserved
[    0.000000] BIOS-e820: [mem 0x0000000000100000-0x000000003ffeffff] usable
[    0.000000] BIOS-e820: [mem 0x000000003fff0000-0x000000003fffffff] ACPI data
[    0.000000] BIOS-e820: [mem 0x00000000fec00000-0x00000000fec00fff] reserved
[    0.000000] BIOS-e820: [mem 0x00000000fee00000-0x00000000fee00fff] reserved
[    0.000000] BIOS-e820: [mem 0x00000000fffc0000-0x00000000ffffffff] reserved
[    0.000000] NX (Execute Disable) protection: active
[    0.000000] SMBIOS 2.5 present.
[    0.000000] Hypervisor detected: KVM
[    0.000000] e820: last_pfn = 0x3fff0 max_arch_pfn = 0x400000000
[    0.000000] MTRR: Disabled
[    0.000000] x86/PAT: MTRRs disabled, skipping PAT initialization too.
[    0.000000] CPU MTRRs all blank - virtualized system.
[    0.000000] x86/PAT: Configuration [0-7]: WB  WT  UC- UC  WB  WT  UC- UC  
[    0.000000] found SMP MP-table at [mem 0x0009fff0-0x0009ffff] mapped at [ffff88000009fff0]
[    0.000000] Scanning 1 areas for low memory corruption
[    0.000000] RAMDISK: [mem 0x362fc000-0x37175fff]
[    0.000000] ACPI: Early table checksum verification disabled
[    0.000000] ACPI: RSDP 0x00000000000E0000 000024 (v02 VBOX  )
[    0.000000] ACPI: XSDT 0x000000003FFF0030 00003C (v01 VBOX   VBOXXSDT 00000001 ASL  00000061)
[    0.000000] ACPI: FACP 0x000000003FFF00F0 0000F4 (v04 VBOX   VBOXFACP 00000001 ASL  00000061)
[    0.000000] ACPI: DSDT 0x000000003FFF0470 0021FF (v02 VBOX   VBOXBIOS 00000002 INTL 20180105)
[    0.000000] ACPI: FACS 0x000000003FFF0200 000040
[    0.000000] ACPI: FACS 0x000000003FFF0200 000040
[    0.000000] ACPI: APIC 0x000000003FFF0240 00005C (v02 VBOX   VBOXAPIC 00000001 ASL  00000061)
[    0.000000] ACPI: SSDT 0x000000003FFF02A0 0001CC (v01 VBOX   VBOXCPUT 00000002 INTL 20180105)
[    0.000000] No NUMA configuration found
[    0.000000] Faking a node at [mem 0x0000000000000000-0x000000003ffeffff]
[    0.000000] NODE_DATA(0) allocated [mem 0x3ffeb000-0x3ffeffff]
[    0.000000] kvm-clock: Using msrs 4b564d01 and 4b564d00
[    0.000000] kvm-clock: cpu 0, msr 0:3ffe3001, primary cpu clock
[    0.000000] kvm-clock: using sched offset of 18626981277 cycles
[    0.000000] clocksource: kvm-clock: mask: 0xffffffffffffffff max_cycles: 0x1cd42e4dffb, max_idle_ns: 881590591483 ns
[    0.000000] Zone ranges:
[    0.000000]   DMA      [mem 0x0000000000001000-0x0000000000ffffff]
[    0.000000]   DMA32    [mem 0x0000000001000000-0x000000003ffeffff]
[    0.000000]   Normal   empty
[    0.000000]   Device   empty
[    0.000000] Movable zone start for each node
[    0.000000] Early memory node ranges
[    0.000000]   node   0: [mem 0x0000000000001000-0x000000000009efff]
[    0.000000]   node   0: [mem 0x0000000000100000-0x000000003ffeffff]
[    0.000000] Initmem setup node 0 [mem 0x0000000000001000-0x000000003ffeffff]
[    0.000000] ACPI: PM-Timer IO Port: 0x4008
[    0.000000] IOAPIC[0]: apic_id 2, version 32, address 0xfec00000, GSI 0-23
[    0.000000] ACPI: INT_SRC_OVR (bus 0 bus_irq 0 global_irq 2 dfl dfl)
[    0.000000] ACPI: INT_SRC_OVR (bus 0 bus_irq 9 global_irq 9 low level)
[    0.000000] Using ACPI (MADT) for SMP configuration information
[    0.000000] smpboot: Allowing 2 CPUs, 0 hotplug CPUs
[    0.000000] PM: Registered nosave memory: [mem 0x00000000-0x00000fff]
[    0.000000] PM: Registered nosave memory: [mem 0x0009f000-0x0009ffff]
[    0.000000] PM: Registered nosave memory: [mem 0x000a0000-0x000effff]
[    0.000000] PM: Registered nosave memory: [mem 0x000f0000-0x000fffff]
[    0.000000] e820: [mem 0x40000000-0xfebfffff] available for PCI devices
[    0.000000] Booting paravirtualized kernel on KVM
[    0.000000] clocksource: refined-jiffies: mask: 0xffffffff max_cycles: 0xffffffff, max_idle_ns: 7645519600211568 ns
[    0.000000] setup_percpu: NR_CPUS:512 nr_cpumask_bits:512 nr_cpu_ids:2 nr_node_ids:1
[    0.000000] PERCPU: Embedded 34 pages/cpu @ffff88003fc00000 s99480 r8192 d31592 u1048576
[    0.000000] Built 1 zonelists in Node order, mobility grouping on.  Total pages: 257912
[    0.000000] Policy zone: DMA32
[    0.000000] Kernel command line: BOOT_IMAGE=/boot/vmlinuz-4.4.0-146-generic root=LABEL=cloudimg-rootfs ro console=tty1 console=ttyS0
[    0.000000] PID hash table entries: 4096 (order: 3, 32768 bytes)
[    0.000000] Memory: 997736K/1048120K available (8609K kernel code, 1334K rwdata, 4028K rodata, 1484K init, 1284K bss, 50384K reserved, 0K cma-reserved)
[    0.000000] SLUB: HWalign=64, Order=0-3, MinObjects=0, CPUs=2, Nodes=1
[    0.000000] Kernel/User page tables isolation: enabled
[    0.000000] Hierarchical RCU implementation.
[    0.000000] 	Build-time adjustment of leaf fanout to 64.
[    0.000000] 	RCU restricting CPUs from NR_CPUS=512 to nr_cpu_ids=2.
[    0.000000] RCU: Adjusting geometry for rcu_fanout_leaf=64, nr_cpu_ids=2
[    0.000000] NR_IRQS:33024 nr_irqs:440 16
[    0.000000] Console: colour VGA+ 80x25
[    0.000000] console [tty1] enabled
[    0.000000] console [ttyS0] enabled
[    0.000000] tsc: Detected 2199.986 MHz processor
[    5.319656] Calibrating delay loop (skipped) preset value.. 4399.97 BogoMIPS (lpj=8799944)
[    5.381405] pid_max: default: 32768 minimum: 301
[    5.421312] ACPI: Core revision 20150930
[    5.454729] ACPI: 2 ACPI AML tables successfully acquired and loaded
[    5.573406] Security Framework initialized
[    5.621204] Yama: becoming mindful.
[    5.684563] AppArmor: AppArmor initialized
[    5.771928] Dentry cache hash table entries: 131072 (order: 8, 1048576 bytes)
[    5.888916] Inode-cache hash table entries: 65536 (order: 7, 524288 bytes)
[    5.932121] Mount-cache hash table entries: 2048 (order: 2, 16384 bytes)
[    5.973292] Mountpoint-cache hash table entries: 2048 (order: 2, 16384 bytes)
[    6.051447] Initializing cgroup subsys io
[    6.078158] Initializing cgroup subsys memory
[    6.111834] Initializing cgroup subsys devices
[    6.141140] Initializing cgroup subsys freezer
[    6.188813] Initializing cgroup subsys net_cls
[    6.212915] Initializing cgroup subsys perf_event
[    6.236702] Initializing cgroup subsys net_prio
[    6.259863] Initializing cgroup subsys hugetlb
[    6.310709] Initializing cgroup subsys pids
[    6.339799] mce: CPU supports 0 MCE banks
[    6.370258] Last level iTLB entries: 4KB 64, 2MB 8, 4MB 8
[    6.407028] Last level dTLB entries: 4KB 64, 2MB 0, 4MB 0, 1GB 4
[    6.445018] Spectre V2 : Mitigation: Full generic retpoline
[    6.489390] Spectre V2 : Spectre v2 / SpectreRSB mitigation: Filling RSB on context switch
[    6.550976] Speculative Store Bypass: Vulnerable
[    6.650025] Freeing SMP alternatives memory: 36K
[    6.874369] ftrace: allocating 32287 entries in 127 pages
[    7.796859] smpboot: APIC(0) Converting physical 0 to logical package 0
[    7.836260] smpboot: Max logical packages: 1
[    7.947199] x2apic enabled
[    7.977363] Switched APIC routing to physical x2apic.
[    8.051216] ..TIMER: vector=0x30 apic1=0 pin1=2 apic2=-1 pin2=-1
[    8.227467] APIC calibration not consistent with PM-Timer: 121ms instead of 100ms
[    8.511587] APIC delta adjusted to PM-Timer: 6250354 (7612373)
[    8.614472] smpboot: CPU0: Intel(R) Xeon(R) CPU E5-2650 v4 @ 2.20GHz (family: 0x6, model: 0x4f, stepping: 0x1)
[    8.797168] Performance Events: unsupported p6 CPU model 79 no PMU driver, software events only.
[    8.997358] KVM setup paravirtual spinlock
[    9.022023] x86: Booting SMP configuration:
[    9.052529] .... node  #0, CPUs:      #1
[    9.104953] kvm-clock: cpu 1, msr 0:3ffe3041, secondary cpu clock
[    9.161683] mce: CPU supports 0 MCE banks
[    9.203413] x86: Booted up 1 node, 2 CPUs
[    9.257772] smpboot: Total of 2 processors activated (8799.94 BogoMIPS)
[    9.354380] devtmpfs: initialized
[    9.394891] evm: security.selinux
[    9.443466] evm: security.SMACK64
[    9.540847] evm: security.SMACK64EXEC
[    9.586014] evm: security.SMACK64TRANSMUTE
[    9.674155] evm: security.SMACK64MMAP
[    9.733120] evm: security.ima
[    9.793879] evm: security.capability
[    9.832368] clocksource: jiffies: mask: 0xffffffff max_cycles: 0xffffffff, max_idle_ns: 7645041785100000 ns
[    9.957875] futex hash table entries: 512 (order: 3, 32768 bytes)
[   10.112308] pinctrl core: initialized pinctrl subsystem
[   10.241662] RTC time: 13:58:26, date: 04/30/19
[   10.316246] NET: Registered protocol family 16
[   10.365599] cpuidle: using governor ladder
[   10.439834] cpuidle: using governor menu
[   10.494341] PCCT header not found.
[   10.529562] ACPI: bus type PCI registered
[   10.578107] acpiphp: ACPI Hot Plug PCI Controller Driver version: 0.5
[   10.650282] PCI: Using configuration type 1 for base access
[   10.741186] ACPI: Added _OSI(Module Device)
[   10.779126] ACPI: Added _OSI(Processor Device)
[   10.811040] ACPI: Added _OSI(3.0 _SCP Extensions)
[   10.880644] ACPI: Added _OSI(Processor Aggregator Device)
[   11.001421] ACPI: Executed 1 blocks of module-level executable AML code
[   11.065557] ACPI: Interpreter enabled
[   11.094332] ACPI: (supports S0 S5)
[   11.124621] ACPI: Using IOAPIC for interrupt routing
[   11.220759] PCI: Using host bridge windows from ACPI; if necessary, use "pci=nocrs" and report a bug
[   11.402462] ACPI: PCI Root Bridge [PCI0] (domain 0000 [bus 00-ff])
[   11.489173] acpi PNP0A03:00: _OSC: OS supports [ASPM ClockPM Segments MSI]
[   11.568916] acpi PNP0A03:00: _OSC: not requesting OS control; OS requires [ExtendedConfig ASPM ClockPM MSI]
[   11.639603] acpi PNP0A03:00: fail to add MMCONFIG information, can't access extended PCI configuration space under this bridge.
[   11.709782] PCI host bridge to bus 0000:00
[   11.732506] pci_bus 0000:00: root bus resource [io  0x0000-0x0cf7 window]
[   11.770904] pci_bus 0000:00: root bus resource [io  0x0d00-0xffff window]
[   11.809973] pci_bus 0000:00: root bus resource [mem 0x000a0000-0x000bffff window]
[   11.855237] pci_bus 0000:00: root bus resource [mem 0x40000000-0xfdffffff window]
[   11.971904] pci_bus 0000:00: root bus resource [bus 00-ff]
[   12.129550] pci 0000:00:01.1: legacy IDE quirk: reg 0x10: [io  0x01f0-0x01f7]
[   12.219153] pci 0000:00:01.1: legacy IDE quirk: reg 0x14: [io  0x03f6]
[   12.294844] pci 0000:00:01.1: legacy IDE quirk: reg 0x18: [io  0x0170-0x0177]
[   12.389178] pci 0000:00:01.1: legacy IDE quirk: reg 0x1c: [io  0x0376]
[   13.186396] pci 0000:00:07.0: quirk: [io  0x4000-0x403f] claimed by PIIX4 ACPI
[   13.264885] pci 0000:00:07.0: quirk: [io  0x4100-0x410f] claimed by PIIX4 SMB
[   13.600351] ACPI: PCI Interrupt Link [LNKA] (IRQs 5 9 10 *11)
[   13.687398] ACPI: PCI Interrupt Link [LNKB] (IRQs 5 9 *10 11)
[   13.778582] ACPI: PCI Interrupt Link [LNKC] (IRQs 5 *9 10 11)
[   13.844940] ACPI: PCI Interrupt Link [LNKD] (IRQs 5 9 10 *11)
[   13.933723] ACPI: Enabled 2 GPEs in block 00 to 07
[   14.008127] vgaarb: setting as boot device: PCI:0000:00:02.0
[   14.053736] vgaarb: device added: PCI:0000:00:02.0,decodes=io+mem,owns=io+mem,locks=none
[   14.132252] vgaarb: loaded
[   14.163860] vgaarb: bridge control possible 0000:00:02.0
[   14.275303] SCSI subsystem initialized
[   14.444848] ACPI: bus type USB registered
[   14.578752] usbcore: registered new interface driver usbfs
[   14.805950] usbcore: registered new interface driver hub
[   14.996707] usbcore: registered new device driver usb
[   15.144257] PCI: Using ACPI for IRQ routing
[   15.321155] NetLabel: Initializing
[   15.358060] NetLabel:  domain hash size = 128
[   15.521308] NetLabel:  protocols = UNLABELED CIPSOv4
[   15.609789] NetLabel:  unlabeled traffic allowed by default
[   15.665883] amd_nb: Cannot enumerate AMD northbridges
[   15.797248] clocksource: Switched to clocksource kvm-clock
[   15.863172] AppArmor: AppArmor Filesystem Enabled
[   16.383545] pnp: PnP ACPI init
[  16.456193] pnp: PnP ACPI: found 3 devices
[   17.353716] clocksource: acpi_pm: mask: 0xffffff max_cycles: 0xffffff, max_idle_ns: 2085701024 ns
[   17.409271] NET: Registered protocol family 2
[   17.442646] TCP established hash table entries: 8192 (order: 4, 65536 bytes)
[   17.485574] TCP bind hash table entries: 8192 (order: 5, 131072 bytes)
[   17.55067] TCP: Hash tables configured (established 8192 bind 8192)
[   18.401128] UDP hah table entries: 512 (order: 2, 16384 bytes)
[   19.392616] UDP-Lite hash table entries: 512 (order: 2, 16384 bytes)
[   19.432733] NET: Registered protocol family 1
[   19.461290] pci 0000:00:00.0: Limiting direct PCI/PCI transfers
[   19.497863] pci 0000:00:01.0: Activating ISA DMA hang workarounds
[   19.538747] Unpacking initramfs...
[   20.396722] Freeing initrd memory: 14824K
[   20.454724] platform rtc_cmos: registered platform RTC device (no PNP device found)
[   20.527678] Scanning for low memory corruption every 60 seconds
[   20.639095] audit: initializing netlink subsys (disabled)
[   20.707507] audit: type=2000 audit(1556632726.339:1): initialized
[   20.756829] Initialise system trusted keyring
[   20.802898] HugeTLB registered 2 MB page size, pre-allocated 0 pages
[   20.842690] zbud: loaded
[   20.869841] VFS: Disk quotas dquot_6.6.0
[   20.946067] VFS: Dquot-cache hash table entries: 512 (order 0, 4096 bytes)
[   20.979330] squashfs: version 4.0 (2009/01/31) Phillip Lougher
[   21.012736] fuse init (API version 7.23)
[   21.034800] Key type big_key registered
[   21.057083] Allocating IMA MOK and blacklist keyrings.
[   21.128258] Key type asymmetric registered
[   21.156542] Asymmetric key parser 'x509' registered
[   21.188833] Block layer SCSI generic (bsg) driver version 0.4 loaded (major 249)
[   21.264917] io scheduler noop registered
[   21.301170] io scheduler deadline registered (default)
[   21.342536] io scheduler cfq registered
[   21.400899] pci_hotplug: PCI Hot Plug PCI Core version: 0.5
[   21.455342] pciehp: PCI Express Hot Plug Controller Driver version: 0.4
[   21.525424] ACPI: AC Adapter [AC] (on-line)
[   21.553065] input: Power Button as /devices/LNXSYSTM:00/LNXPWRBN:00/input/input0
[   21.593440] ACPI: Power Button [PWRF]
[   21.615913] input: Sleep Button as /devices/LNXSYSTM:00/LNXSLPBN:00/input/input1
[   21.706695] ACPI: Sleep Button [SLPF]
[   21.744153] GHES: HEST is not enabled!
[   21.776031] Serial: 8250/16550 driver, 32 ports, IRQ sharing enabled
[   21.973483] 00:02: ttyS0 at I/O 0x3f8 (irq = 4, base_baud = 115200) is a 16550A
[   22.031345] Linux agpgart interface v0.103
[   22.119522] loop: module loaded
[   22.187100] scsi host0: ata_piix
[   22.236715] scsi host1: ata_piix
[   22.287132] ata1: PATA max UDMA/33 cmd 0x1f0 ctl 0x3f6 bmdma 0xd000 irq 14
[   22.356631] ata2: PATA max UDMA/33 cmd 0x170 ctl 0x376 bmdma 0xd008 irq 15
[   22.439550] libphy: Fixed MDIO Bus: probed
[   22.499484] tun: Universal TUN/TAP device driver, 1.6
[   22.526463] tun: (C) 1999-2004 Max Krasnyansky <maxk@qualcomm.com>
[   22.558777] PPP generic driver version 2.4.2
[   22.585490] ehci_hcd: USB 2.0 'Enhanced' Host Controller (EHCI) Driver
[   22.643649] ehci-pci: EHCI PCI platform driver
[   22.688973] ehci-platform: EHCI generic platform driver
[   22.738471] ohci_hcd: USB 1.1 'Open' Host Controller (OHCI) Driver
[   22.789272] ohci-pci: OHCI PCI platform driver
[   22.813335] ohci-platform: OHCI generic platform driver
[   22.846607] uhci_hcd: USB Universal Host Controller Interface driver
[   22.967940] i8042: PNP: PS/2 Controller [PNP0303:PS2K,PNP0f03:PS2M] at 0x60,0x64 irq 1,12
[   23.045172] serio: i8042 KBD port at 0x60,0x64 irq 1
[   23.079675] serio: i8042 AUX port at 0x60,0x64 irq 12
[   23.117187] mousedev: PS/2 mouse device common for all mice
[   23.179155] rtc_cmos rtc_cmos: rtc core: registered rtc_cmos as rtc0
[   23.381349] rtc_cmos rtc_cmos: alarms up to one day, 114 bytes nvram
[   23.571150] i2c /dev entries driver
[   23.617599] device-mapper: uevent: version 1.0.3
[   23.670069] input: AT Translated Set 2 keyboard as /devices/platform/i8042/serio0/input/input2
[   23.753479] device-mapper: ioctl: 4.34.0-ioctl (2015-10-28) initialised: dm-devel@redhat.com
[   23.803400] ledtrig-cpu: registered to indicate activity on CPUs
[   23.845542] NET: Registered protocol family 10
[   23.874956] NET: Registered protocol family 17
[   24.004505] Key type dns_resolver registered
[   24.085846] registered taskstats version 1
[   24.133371] Loading compiled-in X.509 certificates
[   24.165411] Loaded X.509 cert 'Build time autogenerated kernel key: 4dcb2dc2c7cf43e0c20c44384f68683c20294489'
[   24.239880] zswap: loaded using pool lzo/zbud
[   24.282046] Key type trusted registered
[   24.451603] Key type encrypted registered
[   24.603693] AppArmor: AppArmor sha1 policy hashing enabled
[   24.703885] ima: No TPM chip found, activating TPM-bypass!
[   24.861101] ima: Allocated hash algorithm: sha1
[   24.924607] evm: HMAC attrs: 0x1
[   24.958075]   Magic number: 15:64:990
[   25.040623] rtc_cmos rtc_cmos: setting system clock to 2019-04-30 13:58:41 UTC (1556632721)
[   25.100648] BIOS EDD facility v0.16 2004-Jun-25, 0 devices found
[   25.156055] EDD information not available.
[   25.199089] Freeing unused kernel memory: 1484K
[   25.243306] Write protecting the kernel read-only data: 14336k
[   25.320975] Freeing unused kernel memory: 1620K
[   25.360809] Freeing unused kernel memory: 68K
Loading, please wait...
starting version[   25.495815] random: udevadm: uninitialized urandom read (16 bytes read, 9 bits of entropy available)
 229
[   25.580545] random: systemd-udevd: uninitialized urandom read (16 bytes read, 9 bits of entropy available)
[   25.580678] random: systemd-udevd: uninitialized urandom read (16 bytes read, 9 bits of entropy available)
[   25.580695] random: systemd-udevd: uninitialized urandom read (16 bytes read, 9 bits of entropy available)
[   25.580716] random: systemd-udevd: uninitialized urandom read (16 bytes read, 9 bits of entropy available)
[   25.943951] random: udevadm: uninitialized urandom read (16 bytes read, 9 bits of entropy available)
[   26.061084] random: systemd-udevd: uninitialized urandom read (16 bytes read, 9 bits of entropy available)
[   26.369680] random: udevadm: uninitialized urandom read (16 bytes read, 9 bits of entropy available)
[   26.369766] random: udevadm: uninitialized urandom read (16 bytes read, 9 bits of entropy available)
[   26.370130] random: udevadm: uninitialized urandom read (16 bytes read, 9 bits of entropy available)
[   26.754293] Fusion MPT base driver 3.04.20
[   26.778766] Copyright (c) 1999-2008 LSI Corporation
[   26.823373] e1000: Intel(R) PRO/1000 Network Driver - version 7.3.21-k8-NAPI
[   26.904682] e1000: Copyright (c) 1999-2006 Intel Corporation.
[   27.082471] Fusion MPT SPI Host driver 3.04.20
[   27.133279] AVX2 version of gcm_enc/dec engaged.
[   27.172417] AES CTR mode by8 optimization enabled
[   27.325158] input: ImExPS/2 Generic Explorer Mouse as /devices/platform/i8042/serio1/input/input4
[   30.283883] e1000 0000:00:03.0 eth0: (PCI:33MHz:32-bit) 02:26:7f:6e:ca:81
[   30.473893] e1000 0000:00:03.0 eth0: Intel(R) PRO/1000 Network Connection
[   33.739020] e1000 0000:00:08.0 eth1: (PCI:33MHz:32-bit) 08:00:27:a9:9c:00
[   34.006405] e1000 0000:00:08.0 eth1: Intel(R) PRO/1000 Network Connection
[   34.252111] mptbase: ioc0: Initiating bringup
[   34.268468] e1000 0000:00:03.0 enp0s3: renamed from eth0
[   34.499351] e1000 0000:00:08.0 enp0s8: renamed from eth1
[   35.374289] ioc0: LSI53C1030 A0: Capabilities={Initiator}
[   36.364343] scsi host2: ioc0: LSI53C1030 A0, FwRev=00000000h, Ports=1, MaxQ=256, IRQ=20
[   36.636985] scsi 2:0:0:0: Direct-Access     VBOX     HARDDISK         1.0  PQ: 0 ANSI: 5
[   36.764061] scsi target2:0:0: Beginning Domain Validation
[   36.871510] scsi target2:0:0: Domain Validation skipping write tests
[   37.378675] scsi target2:0:0: Ending Domain Validation
[   37.868364] scsi target2:0:0: asynchronous
[   37.914905] scsi 2:0:1:0: Direct-Access     VBOX     HARDDISK         1.0  PQ: 0 ANSI: 5
[   37.969541] scsi target2:0:1: Beginning Domain Validation
[   38.050722] scsi target2:0:1: Domain Validation skipping write tests
[   38.113076] scsi target2:0:1: Ending Domain Validation
[   38.154661] scsi target2:0:1: asynchronous
[   38.619322] sd 2:0:0:0: [sda] 20971520 512-byte logical blocks: (10.7 GB/10.0 GiB)
[   38.619336] sd 2:0:0:0: Attached scsi generic sg0 type 0
[   38.748012] sd 2:0:1:0: Attached scsi generic sg1 type 0
[   38.914174] sd 2:0:1:0: [sdb] 20480 512-byte logical blocks: (10.5 MB/10.0 MiB)
[   38.919506] sd 2:0:0:0: [sda] Write Protect is off
[   38.924378] sd 2:0:0:0: [sda] Incomplete mode parameter data
[   38.924381] sd 2:0:0:0: [sda] Assuming drive cache: write through
[   39.089051]  sda: sda1
[   39.095900] sd 2:0:0:0: [sda] Attached SCSI disk
[   39.716862] sd 2:0:1:0: [sdb] Write Protect is off
[   39.758812] sd 2:0:1:0: [sdb] Incomplete mode parameter data
[   39.801292] sd 2:0:1:0: [sdb] Assuming drive cache: write through
[   39.880778] sd 2:0:1:0: [sdb] Attached SCSI disk
Begin: Loading essential drivers ... [   49.373264] md: linear personality registered for level -1
[   49.595878] md: multipath personality registered for level -4
[   49.792670] md: raid0 personality registered for level 0
[   50.016153] md: raid1 personality registered for level 1
[   50.144377] raid6: sse2x1   gen()  2275 MB/s
[   50.264228] raid6: sse2x1   xor()  1328 MB/s
[   50.387817] raid6: sse2x2   gen()  2428 MB/s
[   50.524219] raid6: sse2x2   xor()  2068 MB/s
[   50.658681] raid6: sse2x4   gen()  3734 MB/s
[   50.767284] raid6: sse2x4   xor()  1739 MB/s
[   50.918318] raid6: avx2x1   gen()  3437 MB/s
[   51.221322] raid6: avx2x2   gen()  3813 MB/s
[   51.389984] raid6: avx2x4   gen()  5168 MB/s
[   51.460457] raid6: using algorithm avx2x4 gen() 5168 MB/s
[   51.642003] raid6: using avx2x2 recovery algorithm
[   51.784083] xor: automatically using best checksumming function:
[   51.883889]    avx       : 10886.000 MB/sec
[   51.983187] async_tx: api initialized (async)
[   52.417333] md: raid6 personality registered for level 6
[   52.485846] md: raid5 personality registered for level 5
[   52.566266] md: raid4 personality registered for level 4
[   52.861578] md: raid10 personality registered for level 10
done.
Begin: Running /scripts/init-premount ... done.
Begin: Mounting root file system ... Begin: Running /scripts/local-top ... done.
Begin: Running /scripts/local-premount ... [   53.191410] Btrfs loaded
Scanning for Btrfs filesystems
done.
Warning: fsck not present, so skipping root file system
[   53.545900] EXT4-fs (sda1): mounted filesystem with ordered data mode. Opts: (null)
done.
Begin: Running /scripts/local-bottom ... done.
Begin: Running /scripts/init-bottom ... done.
[   54.046448] random: nonblocking pool is initialized
[   55.077092] systemd[1]: systemd 229 running in system mode. (+PAM +AUDIT +SELINUX +IMA +APPARMOR +SMACK +SYSVINIT +UTMP +LIBCRYPTSETUP +GCRYPT +GNUTLS +ACL +XZ -LZ4 +SECCOMP +BLKID +ELFUTILS +KMOD -IDN)
[   55.294091] systemd[1]: Detected virtualization oracle.
[   55.379545] systemd[1]: Detected architecture x86-64.

Welcome to [1mUbuntu 16.04.6 LTS[0m!

[   55.686378] systemd[1]: Set hostname to <ubuntu>.
[   55.787710] systemd[1]: Initializing machine ID from random generator.
[   55.878597] systemd[1]: Installed transient /etc/machine-id file.
[   57.013020] systemd[1]: Created slice System Slice.
[[0;32m  OK  [0m] Created slice System Slice.
[   57.198876] systemd[1]: Listening on Journal Socket (/dev/log).
[[0;32m  OK  [0m] Listening on Journal Socket (/dev/log).
[   57.386907] systemd[1]: Created slice User and Session Slice.
[[0;32m  OK  [0m] Created slice User and Session Slice.
[   57.524305] systemd[1]: Reached target Slices.
[[0;32m  OK  [0m] Reached target Slices.
[   57.648643] systemd[1]: Reached target System Time Synchronized.
[[0;32m  OK  [0m] Reached target System Time Synchronized.
[   57.757693] systemd[1]: Listening on Device-mapper event daemon FIFOs.
[[0;32m  OK  [0m] Listening on Device-mapper event daemon FIFOs.
[   57.975512] systemd[1]: Listening on udev Kernel Socket.
[[0;32m  OK  [0m] Listening on udev Kernel Socket.
[   58.101343] systemd[1]: Listening on /dev/initctl Compatibility Named Pipe.
[[0;32m  OK  [0m] Listening on /dev/initctl Compatibility Named Pipe.
[   58.432741] systemd[1]: Started Trigger resolvconf update for networkd DNS.
[[0;32m  OK  [0m] Started Trigger resolvconf update for networkd DNS.
[   58.562000] systemd[1]: Created slice system-serial\x2dgetty.slice.
[[0;32m  OK  [0m] Created slice system-serial\x2dgetty.slice.
[   58.763582] systemd[1]: Listening on Journal Audit Socket.
[[0;32m  OK  [0m] Listening on Journal Audit Socket.
[   58.894068] systemd[1]: Listening on Syslog Socket.
[[0;32m  OK  [0m] Listening on Syslog Socket.
[   58.980987] systemd[1]: Reached target Encrypted Volumes.
[[0;32m  OK  [0m] Reached target Encrypted Volumes.
[   59.073311] systemd[1]: Started Forward Password Requests to Wall Directory Watch.
[[0;32m  OK  [0m] Started Forward Password Requests to Wall Directory Watch.
[   59.197982] systemd[1]: Set up automount Arbitrary Executable File Formats File System Automount Point.
[[0;32m  OK  [0m] Set up automount Arbitrary Executab...ats File System Automount Point.
[   59.435376] systemd[1]: Listening on Journal Socket.
[[0;32m  OK  [0m] Listening on Journal Socket.
[   59.552216] systemd[1]: Starting Nameserver information manager...
         Starting Nameserver information manager...
[   59.759073] systemd[1]: Mounting Debug File System...
         Mounting Debug File System...
[   59.943319] systemd[1]: Starting Journal Service...
         Starting Journal Service...
[   60.175302] systemd[1]: Starting Set console keymap...
         Starting Set console keymap...
[   60.431125] systemd[1]: Mounting Huge Pages File System...
         Mounting Huge Pages File System...
[   60.595151] systemd[1]: Starting Create list of required static device nodes for the current kernel...
         Starting Create list of required st... nodes for the current kernel...
[   60.823101] systemd[1]: Starting Load Kernel Modules...
         Starting Load Kernel Modules...
[   60.921945] systemd[1]: Starting Uncomplicated firewall...
[   61.000228] Loading iSCSI transport class v2.0-870.
         Starting Uncomplicated firewall...
[   61.081286] systemd[1]: Reached target Swap.
[[0;32m  OK  [0m] Reached target Swap.
[   61.153094] systemd[1]: Listening on LVM2 poll daemon socket.
[   61.214346] iscsi: registered transport (tcp)
[[0;32m  OK  [0m] Listening on LVM2 poll daemon socket.
[   61.320223] systemd[1]: Starting Remount Root and Kernel File Systems...
         Starting Remount Root and Kernel[   61.484549] EXT4-fs (sda1): re-mounted. Opts: (null)
 File Systems...
[   61.586090] systemd[1]: Reached target User and Group Name Lookups.
[[0;32m  OK  [0m] Reached target User and Group Name Lookups.
[   61.851200] systemd[1]: Mounting POSIX Message Queue File System...
         Mounting POSIX Message Queue File System...
[   61.945428] systemd[1]: Listening on udev Control Socket.
[[0;32m  OK  [0m] Listening on udev Control Socket.
[   62.038444] systemd[1]: Listening on LVM2 metadata daemon socket.
[[0;32m  OK  [0m] Listening on LVM2 metadata daemon socket.
[   62.186374] systemd[1]: Starting Monitoring of LVM2 mirrors, snapshots etc. using dmeventd or progress polling...
[   62.367858] iscsi: registered transport (iser)
         Starting Monitoring of LVM2 mirrors... dmeventd or progress polling...
[   62.667901] systemd[1]: Mounted Debug File System.
[[0;32m  OK  [0m] Mounted Debug File System.
[   63.013647] systemd[1]: Mounted Huge Pages File System.
[[0;32m  OK  [0m] Mounted Huge Pages File System.
[   63.161135] systemd[1]: Mounted POSIX Message Queue File System.
[[0;32m  OK  [0m] Mounted POSIX Message Queue File System.
[   63.402571] systemd[1]: Started Journal Service.
[[0;32m  OK  [0m] Started Journal Service.
[[0;32m  OK  [0m] Started Set console keymap.
[[0;32m  OK  [0m] Started Create list of required sta...ce nodes for the current kernel.
[[0;32m  OK  [0m] Started Load Kernel Modules.
[[0;32m  OK  [0m] Started Uncomplicated firewall.
[[0;32m  OK  [0m] Started Remount Root and Kernel File Systems.
[[0;32m  OK  [0m] Started Nameserver information manager.
[[0;32m  OK  [0m] Started LVM2 metadata daemon.
         Starting Load/Save Random Seed...
         Starting udev Coldplug all Devices...
         Mounting FUSE Control File System...
         Starting Apply Kernel Variables...
         Starting Create Static Device Nodes in /dev...
         Starting Flush Journal to Persistent Storage...
[[0;32m  OK  [0m] Mounted FUSE Control File System.
[[0;32m  OK  [0m] Started Monitoring of LVM2 mirrors,...ng dmeventd or progress polling.
[[0;32m  OK  [0m] Started Load/Save Random Seed.
[[0;32m  OK  [0m] Started Apply Kernel Variables.
[[0;32m  OK  [0m] Started Create Static Device Nodes in /dev.
[[0;32m  OK  [0m] Started udev Coldplug all Devices.
[[0;32m  OK  [0m] Started Flush Journal to Persistent Storage.
         Starting udev Kernel Device Manager...
[[0;32m  OK  [0m] Reached target Local File Systems (Pre).
[[0;32m  OK  [0m] Reached target Local File Systems.
         Starting LSB: AppArmor initialization...
         Starting Create Volatile Files and Directories...
         Starting Tell Plymouth To Write Out Runtime Data...
         Starting Initial cloud-init job (pre-networking)...
         Starting Set console font and keymap...
         Starting Commit a transient machine-id on disk...
[[0;32m  OK  [0m] Started udev Kernel Device Manager.
[[0;32m  OK  [0m] Started Create Volatile Files and Directories.
[[   61.141049] [0;32m  OK  [0m] Started Tell Plymouth To Write Out Runtime Data.
cloud-init[501]: Cloud-init v. 18.5-45-g3554ffe8-0ubuntu1~16.04.1 running 'init-local' at Tue, 30 Apr 2019 13:59:27 +0000. Up 59.63 seconds.
[[0;32m  OK  [0m] Started Commit a transient machine-id on disk.
[[0;32m  OK  [0m] Started Initial cloud-init job (pre-networking).
[[0;32m  OK  [0m] Found device /dev/ttyS0.
[[0;32m  OK  [0m] Started LSB: AppArmor initialization.
[[0;32m  OK  [0m] Listening on Load/Save RF Kill Switch Status /dev/rfkill Watch.
[[0;32m  OK  [0m] Reached target Network (Pre).
         Starting Raise network interfaces...
         Starting Update UTMP about System Boot/Shutdown...
[[0;32m  OK  [0m] Started Dispatch Password Requests to Console Directory Watch.
[[0;32m  OK  [0m] Started Set console font and keymap.
[[0;32m  OK  [0m] Created slice system-getty.slice.
[[0;32m  OK  [0m] Started Update UTMP about System Boot/Shutdown.
[[0;32m  OK  [0m] Started Raise network interfaces.
[[0;32m  OK  [0m] Reached target Network.
         Starting Initial cloud-init job (metadata service crawler)...
[   86.911743] cloud-init[955]: Cloud-init v. 18.5-45-g3554ffe8-0ubuntu1~16.04.1 running 'init' at Tue, 30 Apr 2019 13:59:51 +0000. Up 83.99 seconds.
[   87.113418] cloud-init[955]: ci-info: ++++++++++++++++++++++++++++++++++++++Net device info+++++++++++++++++++++++++++++++++++++++[[0;32m  OK  [0m] Started Initial cloud-init job (metadata service crawler).

[   87.373591] cloud-init[955]: ci-info: +--------+-------+----------------------------+---------------+--------+-------------------+
[   87.398662] cloud-init[955]: ci-info: | Device |   Up  |          Address           |      Mask     | Scope  |     Hw-Address    |
[   87.398754] cloud-init[955]: ci-info: +--------+-------+----------------------------+---------------+--------+-------------------+
[   87.398820] cloud-init[955]: ci-info: | enp0s3 |  True |         10.0.2.15          | 255.255.255.0 | global | 02:26:7f:6e:ca:81 |
[   87.398886] cloud-init[955]: ci-info: | enp0s3 |  True | fe80::26:7fff:fe6e:ca81/64 |       .       |  link  | 02:26:7f:6e:ca:81 |
[   87.398947] cloud-init[955]: ci-info: | enp0s8 | False |             .              |       .       |   .    | 08:00:27:a9:9c:00 |
[   87.399009] cloud-init[955]: ci-info: |   lo   |  True |         127.0.0.1          |   255.0.0.0   |  host  |         .         |
[   87.399074] cloud-init[955]: ci-info: |   lo   |  True |          ::1/128           |       .       |  host  |         .         |
[   87.399137] cloud-init[955]: ci-info: +--------+-------+----------------------------+---------------+--------+-------------------+
[   87.399215] cloud-init[955]: ci-info: +++++++++++++++++++++++++++Route IPv4 info++++++++++++++++++++++++++++
[   87.399308] cloud-init[955]: ci-info: +-------+-------------+----------+---------------+-----------+-------+
[   87.399378] cloud-init[955]: ci-info: | Route | Destination | Gateway  |    Genmask    | Interface | Flags |
[   87.399444] cloud-init[955]: ci-info: +-------+-------------+----------+---------------+-----------+-------+
[   87.399506] cloud-init[955]: ci-info: |   0   |   0.0.0.0   | 10.0.2.2 |    0.0.0.0    |   enp0s3  |   UG  |
[   87.399568] cloud-init[955]: ci-info: |   1   |   10.0.2.0  | 0.0.0.0  | 255.255.255.0 |   enp0s3  |   U   |
[   87.399635] cloud-init[955]: ci-info: +-------+-------------+----------+---------------+-----------+-------+
[   87.399704] cloud-init[955]: ci-info: +++++++++++++++++++Route IPv6 info+++++++++++++++++++
[   87.399780] cloud-init[955]: ci-info: +-------+-------------+---------+-----------+-------+
[   87.399845] cloud-init[955]: ci-info: | Route | Destination | Gateway | Interface | Flags |
[   87.399912] cloud-init[955]: ci-info: +-------+-------------+---------+-----------+-------+
[   87.399980] cloud-init[955]: ci-info: |   0   |  fe80::/64  |    ::   |   enp0s3  |   U   |
[   87.400529] cloud-init[955]: ci-info: |   4   |   ff00::/8  |    ::   |   enp0s3  |   U   |
[   87.400639] cloud-init[955]: ci-info: +-------+-------------+---------+-----------+-------+
[   87.400725] cloud-init[955]: Generating public/private rsa key pair.
[   87.400796] cloud-init[955]: Your identification has been saved in /etc/ssh/ssh_host_rsa_key.
[   87.400864] cloud-init[955]: Your public key has been saved in /etc/ssh/ssh_host_rsa_key.pub.
[   87.400937] cloud-init[955]: The key fingerprint is:
[   87.401008] cloud-init[955]: SHA256:gd28h5z8TLRKPnziYjUBLR35etT6f/EUY6lGjVWKXPI root@ubuntu-xenial
[   87.401126] cloud-init[955]: The key's randomart image is:
[   87.401212] cloud-init[955]: +---[RSA 2048]----+
[   87.401278] cloud-init[955]: |         o.o. . o|
[   87.401345] cloud-init[955]: |       ooo+. = o |
[   87.401409] cloud-init[955]: |      . ooo.+.E .|
[   87.401496] cloud-init[955]: |         +.=o+.* |
[   87.401579] cloud-init[955]: |        S B+=.o o|
[   87.401658] cloud-init[955]: |         ++*oo ..|
[   87.401724] cloud-init[955]: |         .*o=. .o|
[   87.401787] cloud-init[955]: |        o. +  . o|
[   87.401849] cloud-init[955]: |       . ..    .o|
[   87.401950] cloud-init[955]: +----[SHA256]-----+
[   87.402017] cloud-init[955]: Generating public/private dsa key pair.
[[0;32m  OK  [0m] Reached target Cloud-config availability.
[[0;32m  OK  [0m] Reached target System Initialization.
[[0;32m  OK  [0m] Listening on UUID daemon activation socket.
[   87.406628] cloud-init[955]: Your identification has been saved in /etc/ssh/ssh_host_dsa_key.
[[0;32m  OK  [0m] Started ACPI Events Check.
[[0;32m  OK  [0m] Reached target Paths.
[   93.687102] cloud-init[955]: Your public key has been saved in /etc/ssh/ssh_host_dsa_key.pub.
[   93.720071] cloud-init[955]: The key fingerprint is:
[   93.720151] cloud-init[955]: SHA256:MCB3FFHsdWKa/pWW6SGiqlU45gAgD+dgkVgOV3pWmcQ root@ubuntu-xenial
[   93.720857] cloud-init[955]: The key's randomart image is:
[   93.720967] cloud-init[955]: +---[DSA 1024]----+
[   93.721046] cloud-init[955]: |B+B.++BB.        |
[   93.721132] cloud-init[955]: |=@ + +E . + .    |
[   93.721209] cloud-init[955]: |. = o o. = o     |
[   93.721272] cloud-init[955]: | . o . o+        |
[   93.721326] cloud-init[955]: |  . + ..S    +   |
         Starting Socket activation for snappy daemon.
[[0;32m  OK  [0m] Started Daily apt download activities.
[[0;32m  OK  [0m] Started Daily apt upgrade and clean activities.
[   93.722273] cloud-init[955]:          Starting LXD - unix socket.
[[0;32m  OK  [0m] Listening on D-Bus System Message Bus Socket.
[[0;32m  OK  [0m] Started Daily Cleanup of Temporary Directories.
[[0;32m  OK  [0m] Reached target Timers.
[[0;32m  OK  [0m] Listening on ACPID Listen Socket.
[[0;32m  OK  [0m] Reached target Network is Online.
|   + o  o . B    |
[   95.430526]          Starting iSCSI initiator daemon (iscsid)...
[[0;32m  OK  [0m] Listening on Socket activation for snappy daemon.
cloud-init[955]: |    o  . o = .   |
[[0;32m  OK  [0m] Listening on LXD - unix socket.
[[0;32m  OK  [0m] Started iSCSI initiator daemon (iscsid).
[   95.878679] cloud-init[955]: |   .  .   . .    |
         Starting Login to default iSCSI targets...
[[0;32m  OK  [0m] Reached target Sockets.
[[0;32m  OK  [0m] Reached target Basic System.
[   96.000393] cloud-init[955]: |  ....           |
[   96.472838] [[0;32m  OK  [0mcloud-init[955]: +----[SHA256]-----+
[   96.515131] cloud-init[955]: Generating public/private ecdsa key pair.
[   96.515246] cloud-init[955]: Your identification has been saved in /etc/ssh/ssh_host_ecdsa_key.
[   96.515340] cloud-init[955]: Your public key has been saved in /etc/ssh/ssh_host_ecdsa_key.pub.
[   96.515404] cloud-init[955]: The key fingerprint is:
[   96.515493] cloud-init[955]: SHA256:gE4mCdt0+CdvqqqClIC1VqjgwZVnbsrjveh0iq/rceE root@ubuntu-xenial
[   96.515575] cloud-init[955]: The key's randomart image is:
[   96.515646] cloud-init[955]: +---[ECDSA 256]---+
[   96.515723] cloud-init[955]: |o o+o            |
[   96.515808] cloud-init[955]: |.B++.+           |
[   96.515873] cloud-init[955]: |=o=+B .          |
[   96.515958] cloud-init[955]: |+.o=oo..         |
[   96.516045] cloud-init[955]: |..o.++  S        |
[   96.516327] cloud-init[955]: | o.+. o          |
[   96.516399] cloud-init[955]: |o..Eo+           |
[   96.516465] cloud-init[955]: |o =.=.           |
[   96.516530] cloud-init[955]: |**** ..          |
[   96.516595] cloud-init[955]: +----[SHA256]-----+
[   96.516664] cloud-init[955]: Generating public/private ed25519 key pair.
[   96.516876] cloud-init[955]: Your identification has been saved in /etc/ssh/ssh_host_ed25519_key.
[   96.516984] cloud-init[955]: Your public key has been saved in /etc/ssh/ssh_host_ed25519_key.pub.
[   96.517124] cloud-init[955]: The key fingerprint is:
[   96.517214] cloud-init[955]: SHA256:kQws8d16YsjffZMrLm49J3XoO0CBZkgTjCKNjDm0nGs root@ubuntu-xenial
[   96.517279] cloud-init[955]: The key's randomart image is:
[   96.517343] cloud-init[955]: +--[ED25519 256]--+
[   96.517404] cloud-init[955]: |.= o.o.++o .     |
[   96.517706] cloud-init[955]: |= * +.o+o++ .    |
[   96.518942] cloud-init[955]: | = . o. =o.  .   |
[   96.519315] cloud-init[955]: |  .  . . o  .    |
[   96.519412] cloud-init[955]: | E    o S ..   . |
[   96.519492] cloud-init[955]: |.      o + .. o..|
[   96.519568] cloud-init[955]: |        . ...++. |
[   96.519639] cloud-init[955]: |          o =.+o |
[   96.519716] cloud-init[955]: |         o.o.=oo |
[   96.520001] cloud-init[955]: +----[SHA256]-----+
] Started ACPI event daemon.
         Starting LSB: MD monitoring daemon...
         Starting Pollinate to seed the pseudo random number generator...
         Starting Virtualbox guest utils...
[[0;32m  OK  [0m] Started D-Bus System Message Bus.
[[0;32m  OK  [0m] Started Deferred execution scheduler.
         Starting LXD - container startup/shutdown...
         Starting /etc/rc.local Compatibility...
[[0;32m  OK  [0m] Started Regular background program processing daemon.
         Starting Login Service...
[[0;32m  OK  [0m] Started FUSE filesystem for LXC.
         Starting LSB: Record successful boot for GRUB...
         Starting Accounts Service...
         Starting System Logging Service...
         Starting Snappy daemon...
[[0;32m  OK  [0m] Started /etc/rc.local Compatibility.
[[0;32m  OK  [0m] Started System Logging Service.
[[0;32m  OK  [0m] Started Pollinate to seed the pseudo random number generator.
[[0;32m  OK  [0m] Started LXD - container startup/shutdown.
[[0;32m  OK  [0m] Started LSB: MD monitoring daemon.
[[0;32m  OK  [0m] Started Login to default iSCSI targets.
[[0;32m  OK  [0m] Started LSB: Record successful boot for GRUB.
[[0;32m  OK  [0m] Started Login Service.
[[0;32m  OK  [0m] Started Snappy daemon.
         Starting Wait until snapd is fully seeded...
[[0;32m  OK  [0m] Started Unattended Upgrades Shutdown.
         Starting Authenticate and Authorize Users to Run Privileged Tasks...
[[0;32m  OK  [0m] Reached target Remote File Systems (Pre).
[[0;32m  OK  [0m] Reached target Remote File Systems.
         Starting LSB: Set the CPU Frequency Scaling governor to "ondemand"...
         Starting LSB: daemon to balance interrupts for SMP systems...
         Starting Permit User Sessions...
         Starting LSB: automatic crash report generation...
         Starting OpenBSD Secure Shell server...
[[0;32m  OK  [0m] Started Virtualbox guest utils.
[[0;32m  OK  [0m] Started Permit User Sessions.
[[0;32m  OK  [0m] Started Authenticate and Authorize Users to Run Privileged Tasks.
[[0;32m  OK  [0m] Started OpenBSD Secure Shell server.
[[0;32m  OK  [0m] Started Accounts Service.
[[0;32m  OK  [0m] Started LSB: Set the CPU Frequency Scaling governor to "ondemand".
[[0;32m  OK  [0m] Started LSB: daemon to balance interrupts for SMP systems.
[[0;32m  OK  [0m] Started LSB: automatic crash report generation.
[[0;32m  OK  [0m] Created slice User Slice of vagrant.
[[0;32m  OK  [0m] Started Session 1 of user vagrant.
         Starting User Manager for UID 1000...
         Starting Terminate Plymouth Boot Screen...
         Starting Hold until boot process finishes up...
[[0;32m  OK  [0m] Started Terminate Plymouth Boot Screen.
[[0;32m  OK  [0m] Started Hold until boot process finishes up.
[[0;32m  OK  [0m] Started User Manager for UID 1000.
         Starting Set console scheme...
[[0;32m  OK  [0m] Started Getty on tty1.
[[0;32m  OK  [0m] Started Serial Getty on ttyS0.
[[0;32m  OK  [0m] Reached target Login Prompts.
[[0;32m  OK  [0m] Started Set console scheme.
[[0;32m  OK  [0m] Started Wait until snapd is fully seeded.
         Starting Apply the settings specified in cloud-config...
[[0;32m  OK  [0m] Reached target Multi-User System.
[[0;32m  OK  [0m] Reached target Graphical Interface.
         Starting Update UTMP about System Runlevel Changes...
[  113.179651] cloud-init[1405]: Generating locales (this might take a while)...

Ubuntu 16.04.6 LTS ubuntu-xenial ttyS0

ubuntu-xenial login: [  115.736524] cloud-init[1405]:   en_US.UTF-8... done
[  115.761208] cloud-init[1405]: Generation complete.
[  117.702772] cloud-init[1405]: Cloud-init v. 18.5-45-g3554ffe8-0ubuntu1~16.04.1 running 'modules:config' at Tue, 30 Apr 2019 14:00:20 +0000. Up 112.71 seconds.
ci-info: no authorized ssh keys fingerprints found for user ubuntu.
<14>Apr 30 14:00:27 ec2: 
<14>Apr 30 14:00:27 ec2: #############################################################
<14>Apr 30 14:00:27 ec2: -----BEGIN SSH HOST KEY FINGERPRINTS-----
<14>Apr 30 14:00:27 ec2: 1024 SHA256:MCB3FFHsdWKa/pWW6SGiqlU45gAgD+dgkVgOV3pWmcQ root@ubuntu-xenial (DSA)
<14>Apr 30 14:00:27 ec2: 256 SHA256:gE4mCdt0+CdvqqqClIC1VqjgwZVnbsrjveh0iq/rceE root@ubuntu-xenial (ECDSA)
<14>Apr 30 14:00:27 ec2: 256 SHA256:kQws8d16YsjffZMrLm49J3XoO0CBZkgTjCKNjDm0nGs root@ubuntu-xenial (ED25519)
<14>Apr 30 14:00:27 ec2: 2048 SHA256:gd28h5z8TLRKPnziYjUBLR35etT6f/EUY6lGjVWKXPI root@ubuntu-xenial (RSA)
<14>Apr 30 14:00:27 ec2: -----END SSH HOST KEY FINGERPRINTS-----
<14>Apr 30 14:00:27 ec2: #############################################################
-----BEGIN SSH HOST KEY KEYS-----
ecdsa-sha2-nistp256 AAAAE2VjZHNhLXNoYTItbmlzdHAyNTYAAAAIbmlzdHAyNTYAAABBBMDRJYjrrsBxDtUxVNENPYnQscvY0dkKHnpjk6pktNwI4WqCwXgAXIoeM8c1DNgGB2Hs2QdymISUiswF3ztiidw= root@ubuntu-xenial
ssh-ed25519 AAAAC3NzaC1lZDI1NTE5AAAAIHf7MYRPpoq9swUuqh0nyxcOEGiup0e2COPznefBCiLf root@ubuntu-xenial
ssh-rsa AAAAB3NzaC1yc2EAAAADAQABAAABAQDHLibMYOrNk4MxKeou2NJ2dyyGm/LhhAxFD10hsfCSG5HLqziPT5P/jJ6lrH56+JhfmmXsCHZob+7+M3265EBR340uFq+9uiU5Ow5l7QCCpk5Dh2rA9Pz6xGE5f3VWKzLou4tEEfm69f2a968Tb66N+I+EC5lVAA0Mar1Krjb0J/9585+kvhBfUO00Ls8iDVcHNRppbtANKBOObrP0xKvjIdBneTbLDA8nzNzIv5X0UffTBf3bKp5/Yo7o0OHgsfIjkhOniTPZri7lltUG4kTPiUCdjaWdSOWD+A7IImP8etREScKUL4Em2Hfln6PRNRc6x3t30r6qumnLi0i6CJhJ root@ubuntu-xenial
-----END SSH HOST KEY KEYS-----
[  119.770031] cloud-init[1600]: Cloud-init v. 18.5-45-g3554ffe8-0ubuntu1~16.04.1 running 'modules:final' at Tue, 30 Apr 2019 14:00:26 +0000. Up 119.01 seconds.
[  119.781077] cloud-init[1600]: ci-info: no authorized ssh keys fingerprints found for user ubuntu.
[  119.782060] cloud-init[1600]: Cloud-init v. 18.5-45-g3554ffe8-0ubuntu1~16.04.1 finished at Tue, 30 Apr 2019 14:00:27 +0000. Datasource DataSourceNoCloud [seed=/dev/sdb][dsmode=net].  Up 119.75 seconds
