[    0.000000] Initializing cgroup subsys cpuset
[    0.000000] Initializing cgroup subsys cpu
[    0.000000] Initializing cgroup subsys cpuacct
[    0.000000] Linux version 4.4.0-146-generic (buildd@lcy01-amd64-025) (gcc version 5.4.0 20160609 (Ubuntu 5.4.0-6ubuntu1~16.04.10) ) #172-Ubuntu SMP Wed Apr 3 09:00:08 UTC 2019 (Ubuntu 4.4.0-146.172-generic 4.4.177)
[    0.000000] Command line: BOOT_IMAGE=/boot/vmlinuz-4.4.0-146-generic root=LABEL=cloudimg-rootfs ro console=tty1 console=ttyS0
[    0.000000] KERNEL supported cpus:
[    0.000000]   Intel GenuineIntel
[    0.000000]   AMD AuthenticAMD
[    0.000000]   Centaur CentaurHauls
[    0.000000] x86/fpu: xstate_offset[2]:  576, xstate_sizes[2]:  256
[    0.000000] x86/fpu: Supporting XSAVE feature 0x01: 'x87 floating point registers'
[    0.000000] x86/fpu: Supporting XSAVE feature 0x02: 'SSE registers'
[    0.000000] x86/fpu: Supporting XSAVE feature 0x04: 'AVX registers'
[    0.000000] x86/fpu: Enabled xstate features 0x7, context size is 832 bytes, using 'standard' format.
[    0.000000] e820: BIOS-provided physical RAM map:
[    0.000000] BIOS-e820: [mem 0x0000000000000000-0x000000000009fbff] usable
[    0.000000] BIOS-e820: [mem 0x000000000009fc00-0x000000000009ffff] reserved
[    0.000000] BIOS-e820: [mem 0x00000000000f0000-0x00000000000fffff] reserved
[    0.000000] BIOS-e820: [mem 0x0000000000100000-0x000000003ffeffff] usable
[    0.000000] BIOS-e820: [mem 0x000000003fff0000-0x000000003fffffff] ACPI data
[    0.000000] BIOS-e820: [mem 0x00000000fec00000-0x00000000fec00fff] reserved
[    0.000000] BIOS-e820: [mem 0x00000000fee00000-0x00000000fee00fff] reserved
[    0.000000] BIOS-e820: [mem 0x00000000fffc0000-0x00000000ffffffff] reserved
[    0.000000] NX (Execute Disable) protection: active
[    0.000000] SMBIOS 2.5 present.
[    0.000000] Hypervisor detected: KVM
[    0.000000] e820: last_pfn = 0x3fff0 max_arch_pfn = 0x400000000
[    0.000000] MTRR: Disabled
[    0.000000] x86/PAT: MTRRs disabled, skipping PAT initialization too.
[    0.000000] CPU MTRRs all blank - virtualized system.
[    0.000000] x86/PAT: Configuration [0-7]: WB  WT  UC- UC  WB  WT  UC- UC  
[    0.000000] found SMP MP-table at [mem 0x0009fff0-0x0009ffff] mapped at [ffff88000009fff0]
[    0.000000] Scanning 1 areas for low memory corruption
[    0.000000] RAMDISK: [mem 0x362fc000-0x37175fff]
[    0.000000] ACPI: Early table checksum verification disabled
[    0.000000] ACPI: RSDP 0x00000000000E0000 000024 (v02 VBOX  )
[    0.000000] ACPI: XSDT 0x000000003FFF0030 00003C (v01 VBOX   VBOXXSDT 00000001 ASL  00000061)
[    0.000000] ACPI: FACP 0x000000003FFF00F0 0000F4 (v04 VBOX   VBOXFACP 00000001 ASL  00000061)
[    0.000000] ACPI: DSDT 0x000000003FFF0470 0021FF (v02 VBOX   VBOXBIOS 00000002 INTL 20180105)
[    0.000000] ACPI: FACS 0x000000003FFF0200 000040
[    0.000000] ACPI: FACS 0x000000003FFF0200 000040
[    0.000000] ACPI: APIC 0x000000003FFF0240 00005C (v02 VBOX   VBOXAPIC 00000001 ASL  00000061)
[    0.000000] ACPI: SSDT 0x000000003FFF02A0 0001CC (v01 VBOX   VBOXCPUT 00000002 INTL 20180105)
[    0.000000] No NUMA configuration found
[    0.000000] Faking a node at [mem 0x0000000000000000-0x000000003ffeffff]
[    0.000000] NODE_DATA(0) allocated [mem 0x3ffeb000-0x3ffeffff]
[    0.000000] kvm-clock: Using msrs 4b564d01 and 4b564d00
[    0.000000] kvm-clock: cpu 0, msr 0:3ffe3001, primary cpu clock
[    0.000000] kvm-clock: using sched offset of 19327298524 cycles
[    0.000000] clocksource: kvm-clock: mask: 0xffffffffffffffff max_cycles: 0x1cd42e4dffb, max_idle_ns: 881590591483 ns
[    0.000000] Zone ranges:
[    0.000000]   DMA      [mem 0x0000000000001000-0x0000000000ffffff]
[    0.000000]   DMA32    [mem 0x0000000001000000-0x000000003ffeffff]
[    0.000000]   Normal   empty
[    0.000000]   Device   empty
[    0.000000] Movable zone start for each node
[    0.000000] Early memory node ranges
[    0.000000]   node   0: [mem 0x0000000000001000-0x000000000009efff]
[    0.000000]   node   0: [mem 0x0000000000100000-0x000000003ffeffff]
[    0.000000] Initmem setup node 0 [mem 0x0000000000001000-0x000000003ffeffff]
[    0.000000] ACPI: PM-Timer IO Port: 0x4008
[    0.000000] IOAPIC[0]: apic_id 2, version 32, address 0xfec00000, GSI 0-23
[    0.000000] ACPI: INT_SRC_OVR (bus 0 bus_irq 0 global_irq 2 dfl dfl)
[    0.000000] ACPI: INT_SRC_OVR (bus 0 bus_irq 9 global_irq 9 low level)
[    0.000000] Using ACPI (MADT) for SMP configuration information
[    0.000000] smpboot: Allowing 2 CPUs, 0 hotplug CPUs
[    0.000000] PM: Registered nosave memory: [mem 0x00000000-0x00000fff]
[    0.000000] PM: Registered nosave memory: [mem 0x0009f000-0x0009ffff]
[    0.000000] PM: Registered nosave memory: [mem 0x000a0000-0x000effff]
[    0.000000] PM: Registered nosave memory: [mem 0x000f0000-0x000fffff]
[    0.000000] e820: [mem 0x40000000-0xfebfffff] available for PCI devices
[    0.000000] Booting paravirtualized kernel on KVM
[    0.000000] clocksource: refined-jiffies: mask: 0xffffffff max_cycles: 0xffffffff, max_idle_ns: 7645519600211568 ns
[    0.000000] setup_percpu: NR_CPUS:512 nr_cpumask_bits:512 nr_cpu_ids:2 nr_node_ids:1
[    0.000000] PERCPU: Embedded 34 pages/cpu @ffff88003fc00000 s99480 r8192 d31592 u1048576
[    0.000000] Built 1 zonelists in Node order, mobility grouping on.  Total pages: 257912
[    0.000000] Policy zone: DMA32
[    0.000000] Kernel command line: BOOT_IMAGE=/boot/vmlinuz-4.4.0-146-generic root=LABEL=cloudimg-rootfs ro console=tty1 console=ttyS0
[    0.000000] PID hash table entries: 4096 (order: 3, 32768 bytes)
[    0.000000] Memory: 997736K/1048120K available (8609K kernel code, 1334K rwdata, 4028K rodata, 1484K init, 1284K bss, 50384K reserved, 0K cma-reserved)
[    0.000000] SLUB: HWalign=64, Order=0-3, MinObjects=0, CPUs=2, Nodes=1
[    0.000000] Kernel/User page tables isolation: enabled
[    0.000000] Hierarchical RCU implementation.
[    0.000000] 	Build-time adjustment of leaf fanout to 64.
[    0.000000] 	RCU restricting CPUs from NR_CPUS=512 to nr_cpu_ids=2.
[    0.000000] RCU: Adjusting geometry for rcu_fanout_leaf=64, nr_cpu_ids=2
[    0.000000] NR_IRQS:33024 nr_irqs:440 16
[    0.000000] Console: colour VGA+ 80x25
[    0.000000] console [tty1] enabled
[    0.000000] console [ttyS0] enabled
[    0.000000] tsc: Detected 2199.986 MHz processor
[    5.473387] Calibrating delay loop (skipped) preset value.. 4399.97 BogoMIPS (lpj=8799944)
[    5.547367] pid_max: default: 32768 minimum: 301
[    5.582233] ACPI: Core revision 20150930
[    5.606264] ACPI: 2 ACPI AML tables successfully acquired and loaded
[    5.676101] Security Framework initialized
[    5.712393] Yama: becoming mindful.
[    5.734774] AppArmor: AppArmor initialized
[    5.762121] Dentry cache hash table entries: 131072 (order: 8, 1048576 bytes)
[    5.799844] Inode-cache hash table entries: 65536 (order: 7, 524288 bytes)
[    5.839798] Mount-cache hash table entries: 2048 (order: 2, 16384 bytes)
[    5.876263] Mountpoint-cache hash table entries: 2048 (order: 2, 16384 bytes)
[    5.918382] Initializing cgroup subsys io
[    5.944975] Initializing cgroup subsys memory
[    6.010288] Initializing cgroup subsys devices
[    6.039092] Initializing cgroup subsys freezer
[    6.067812] Initializing cgroup subsys net_cls
[    6.097158] Initializing cgroup subsys perf_event
[    6.125190] Initializing cgroup subsys net_prio
[    6.153143] Initializing cgroup subsys hugetlb
[    6.176600] Initializing cgroup subsys pids
[    6.204381] mce: CPU supports 0 MCE banks
[    6.230040] Last level iTLB entries: 4KB 64, 2MB 8, 4MB 8
[    6.263499] Last level dTLB entries: 4KB 64, 2MB 0, 4MB 0, 1GB 4
[    6.297642] Spectre V2 : Mitigation: Full generic retpoline
[    6.331559] Spectre V2 : Spectre v2 / SpectreRSB mitigation: Filling RSB on context switch
[    6.485557] Speculative Store Bypass: Vulnerable
[    6.631176] Freeing SMP alternatives memory: 36K
[    6.912660] ftrace: allocating 32287 entries in 127 pages
[    7.807171] smpboot: APIC(0) Converting physical 0 to logical package 0
[    7.849564] smpboot: Max logical packages: 1
[    7.958321] x2apic enabled
[    8.034858] Switched APIC routing to physical x2apic.
[    8.105125] ..TIMER: vector=0x30 apic1=0 pin1=2 apic2=-1 pin2=-1
[    8.264564] APIC calibration not consistent with PM-Timer: 103ms instead of 100ms
[    8.345453] APIC delta adjusted to PM-Timer: 6261122 (6511005)
[    8.381325] smpboot: CPU0: Intel(R) Xeon(R) CPU E5-2650 v4 @ 2.20GHz (family: 0x6, model: 0x4f, stepping: 0x1)
[    8.716722] Performance Events: unsupported p6 CPU model 79 no PMU driver, software events only.
[    8.944696] KVM setup paravirtual spinlock
[    8.969676] x86: Booting SMP configuration:
[    8.992823] .... node  #0, CPUs:      #1
[    9.047859] kvm-clock: cpu 1, msr 0:3ffe3041, secondary cpu clock
[    9.153492] mce: CPU supports 0 MCE banks
[    9.265964] x86: Booted up 1 node, 2 CPUs
[    9.352149] smpboot: Total of 2 processors activated (8799.94 BogoMIPS)
[    9.402701] devtmpfs: initialized
[    9.458266] evm: security.selinux
[    9.494642] evm: security.SMACK64
[    9.554798] evm: security.SMACK64EXEC
[    9.595935] evm: security.SMACK64TRANSMUTE
[    9.626521] evm: security.SMACK64MMAP
[    9.686847] evm: security.ima
[    9.723320] evm: security.capability
[    9.752794] clocksource: jiffies: mask: 0xffffffff max_cycles: 0xffffffff, max_idle_ns: 7645041785100000 ns
[    9.840852] futex hash table entries: 512 (order: 3, 32768 bytes)
[    9.888627] pinctrl core: initialized pinctrl subsystem
[    9.955873] RTC time: 16:19:31, date: 04/30/19
[   10.000487] NET: Registered protocol family 16
[   10.048120] cpuidle: using governor ladder
[   10.104796] cpuidle: using governor menu
[   10.133632] PCCT header not found.
[   10.161516] ACPI: bus type PCI registered
[   10.195843] acpiphp: ACPI Hot Plug PCI Controller Driver version: 0.5
[   10.248996] PCI: Using configuration type 1 for base access
[   10.350029] ACPI: Added _OSI(Module Device)
[   10.407818] ACPI: Added _OSI(Processor Device)
[   10.454128] ACPI: Added _OSI(3.0 _SCP Extensions)
[   10.498774] ACPI: Added _OSI(Processor Aggregator Device)
[   10.614694] ACPI: Executed 1 blocks of module-level executable AML code
[   10.775003] ACPI: Interpreter enabled
[   10.871841] ACPI: (supports S0 S5)
[   10.899541] ACPI: Using IOAPIC for interrupt routing
[   10.942223] PCI: Using host bridge windows from ACPI; if necessary, use "pci=nocrs" and report a bug
[   11.118938] ACPI: PCI Root Bridge [PCI0] (domain 0000 [bus 00-ff])
[   11.178679] acpi PNP0A03:00: _OSC: OS supports [ASPM ClockPM Segments MSI]
[   11.245421] acpi PNP0A03:00: _OSC: not requesting OS control; OS requires [ExtendedConfig ASPM ClockPM MSI]
[   11.330094] acpi PNP0A03:00: fail to add MMCONFIG information, can't access extended PCI configuration space under this bridge.
[   11.451098] PCI host bridge to bus 0000:00
[   11.493407] pci_bus 0000:00: root bus resource [io  0x0000-0x0cf7 window]
[   11.559646] pci_bus 0000:00: root bus resource [io  0x0d00-0xffff window]
[   11.629212] pci_bus 0000:00: root bus resource [mem 0x000a0000-0x000bffff window]
[   11.707701] pci_bus 0000:00: root bus resource [mem 0x40000000-0xfdffffff window]
[   11.795336] pci_bus 0000:00: root bus resource [bus 00-ff]
[   12.018894] pci 0000:00:01.1: legacy IDE quirk: reg 0x10: [io  0x01f0-0x01f7]
[   12.085389] pci 0000:00:01.1: legacy IDE quirk: reg 0x14: [io  0x03f6]
[   12.226922] pci 0000:00:01.1: legacy IDE quirk: reg 0x18: [io  0x0170-0x0177]
[   12.370317] pci 0000:00:01.1: legacy IDE quirk: reg 0x1c: [io  0x0376]
[   13.115762] pci 0000:00:07.0: quirk: [io  0x4000-0x403f] claimed by PIIX4 ACPI
[   13.186533] pci 0000:00:07.0: quirk: [io  0x4100-0x410f] claimed by PIIX4 SMB
[   13.483775] ACPI: PCI Interrupt Link [LNKA] (IRQs 5 9 10 *11)
[   13.597295] ACPI: PCI Interrupt Link [LNKB] (IRQs 5 9 *10 11)
[   13.714381] ACPI: PCI Interrupt Link [LNKC] (IRQs 5 *9 10 11)
[   13.838263] ACPI: PCI Interrupt Link [LNKD] (IRQs 5 9 10 *11)
[   13.919927] ACPI: Enabled 2 GPEs in block 00 to 07
[   14.028761] vgaarb: setting as boot device: PCI:0000:00:02.0
[   14.179994] vgaarb: device added: PCI:0000:00:02.0,decodes=io+mem,owns=io+mem,locks=none
[   14.303988] vgaarb: loaded
[   14.330140] vgaarb: bridge control possible 0000:00:02.0
[   14.468364] SCSI subsystem initialized
[   14.550536] ACPI: bus type USB registered
[   14.581510] usbcore: registered new interface driver usbfs
[   14.678182] usbcore: registered new interface driver hub
[   14.725157] usbcore: registered new device driver usb
[   14.775328] PCI: Using ACPI for IRQ routing
[   14.873510] NetLabel: Initializing
[   14.902381] NetLabel:  domain hash size = 128
[   14.943226] NetLabel:  protocols = UNLABELED CIPSOv4
[   15.079802] NetLabel:  unlabeled traffic allowed by default
[   15.266302] amd_nb: Cannot enumerate AMD northbridges
[   15.379861] clocksource: Switched to clocksource kvm-clock
[   15.480811] AppArmor: AppArmor Filesystem Enabled
[   15.516879] pnp: PnP ACPI init
[   15.548818] pnp: PnP ACPI: found 3 devices
[   15.587073] clocksource: acpi_pm: mask: 0xffffff max_cycles: 0xffffff, max_idle_ns: 2085701024 ns
[   15.637740] NET: Registered protocol family 2
[   15.669724] TCP established hash table entries: 8192 (order: 4, 65536 bytes)
[   15.710992] TCP bind hash table entries: 8192 (order: 5, 131072 bytes)
[   15.750105] TCP: Hash tables configured (established 8192 bind 8192)
[   15.788309] UDP hash table entries: 512 (order: 2, 16384 bytes)
[   15.829117] UDP-Lite hash table entries: 512 (order: 2, 16384 bytes)
[   15.868017] NET: Registered protocol family 1
[   15.891998] pci 0000:00:00.0: Limiting direct PCI/PCI transfers
[   15.928565] pci 0000:00:01.0: Activating ISA DMA hang workarounds
[   15.964915] Unpacking initramfs...
[   16.511289] Freeing initrd memory: 14824K
[   16.568793] platform rtc_cmos: registered platform RTC device (no PNP device found)
[   16.635374] Scanning for low memory corruption every 60 seconds
[   16.789784] audit: initializing netlink subsys (disabled)
[   16.865166] audit: type=2000 audit(1556641189.159:1): initialized
[   16.910122] Initialise system trusted keyring
[   16.943551] HugeTLB registered 2 MB page size, pre-allocated 0 pages
[   17.010922] zbud: loaded
[   17.057039] VFS: Disk quotas dquot_6.6.0
[   17.087228] VFS: Dquot-cache hash table entries: 512 (order 0, 4096 bytes)
[   17.132978] squashfs: version 4.0 (2009/01/31) Phillip Lougher
[   17.214424] fuse init (API version 7.23)
[   17.242415] Key type big_key registered
[   17.275305] Allocating IMA MOK and blacklist keyrings.
[   17.401002] Key type asymmetric registered
[   17.450219] Asymmetric key parser 'x509' registered
[   17.487068] Block layer SCSI generic (bsg) driver version 0.4 loaded (major 249)
[   17.557926] io scheduler noop registered
[   17.592079] io scheduler deadline registered (default)
[   17.71174] io scheduler cfq registered
[   18.622597] pci_hotplug: PCI Hot Plug PCI Core version: 0.5
[   18.671269] pciehp: PCI Express Hot Plug Controller Driver version: 0.4
[   18.715004] ACPI: AC Adapter [AC] (on-line)
[   18.745846] input: Power Button as /devices/LNXSYSTM:00/LNXPWRBN:00/input/input0
[   18.796072] ACPI: Power Button [PWRF]
[   18.820812] input: Sleep Button as /devices/LNXSYSTM:00/LNXSLPBN:00/input/input1
[   18.893427] ACPI: Sleep Button [SLPF]
[   18.929403] GHES: HEST is not enabled!
[   18.953924] Serial: 8250/16550 driver, 32 ports, IRQ sharing enabled
[   19.127933] 00:02: ttyS0 at I/O 0x3f8 (irq = 4, base_baud = 115200) is a 16550A
[   19.271475] Linux agpgart interface v0.103
[   19.347546] loop: module loaded
[   19.411687] scsi host0: ata_piix
[   19.477047] scsi host1: ata_piix
[   19.510793] ata1: PATA max UDMA/33 cmd 0x1f0 ctl 0x3f6 bmdma 0xd000 irq 14
[   19.557392] ata2: PATA max UDMA/33 cmd 0x170 ctl 0x376 bmdma 0xd008 irq 15
[   19.599526] libphy: Fixed MDIO Bus: probed
[   19.772334] tun: Universal TUN/TAP device driver, 1.6
[   19.841502] tun: (C) 1999-2004 Max Krasnyansky <maxk@qualcomm.com>
[   19.912944] PPP generic driver version 2.4.2
[   19.949152] ehci_hcd: USB 2.0 'Enhanced' Host Controller (EHCI) Driver
[   20.084967] ehci-pci: EHCI PCI platform driver
[   20.234088] ehci-platform: EHCI generic platform driver
[   20.310308] ohci_hcd: USB 1.1 'Open' Host Controller (OHCI) Driver
[   20.440541] ohci-pci: OHCI PCI platform driver
[   20.491509] ohci-platform: OHCI generic platform driver
[   20.580079] uhci_hcd: USB Universal Host Controller Interface driver
[   20.727327] i8042: PNP: PS/2 Controller [PNP0303:PS2K,PNP0f03:PS2M] at 0x60,0x64 irq 1,12
[   20.826847] serio: i8042 KBD port at 0x60,0x64 irq 1
[   20.873361] serio: i8042 AUX port at 0x60,0x64 irq 12
[   20.942171] mousedev: PS/2 mouse device common for all mice
[   20.994717] rtc_cmos rtc_cmos: rtc core: registered rtc_cmos as rtc0
[   21.179293] rtc_cmos rtc_cmos: alarms up to one day, 114 bytes nvram
[   21.246597] i2c /dev entries driver
[   21.292881] input: AT Translated Set 2 keyboard as /devices/platform/i8042/serio0/input/input2
[   21.384109] device-mapper: uevent: version 1.0.3
[   21.449340] device-mapper: ioctl: 4.34.0-ioctl (2015-10-28) initialised: dm-devel@redhat.com
[   21.501225] ledtrig-cpu: registered to indicate activity on CPUs
[   21.550000] NET: Registered protocol family 10
[   21.587553] NET: Registered protocol family 17
[   21.615668] Key type dns_resolver registered
[   21.653948] registered taskstats version 1
[   21.677595] Loading compiled-in X.509 certificates
[   21.705731] Loaded X.509 cert 'Build time autogenerated kernel key: 4dcb2dc2c7cf43e0c20c44384f68683c20294489'
[   21.881286] zswap: loaded using pool lzo/zbud
[   21.923815] Key type trusted registered
[   22.092807] Key type encrypted registered
[   22.178740] AppArmor: AppArmor sha1 policy hashing enabled
[   22.219093] ima: No TPM chip found, activating TPM-bypass!
[   22.262761] ima: Allocated hash algorithm: sha1
[   22.305366] evm: HMAC attrs: 0x1
[   22.349358]   Magic number: 15:211:339
[   22.399800] rtc_cmos rtc_cmos: setting system clock to 2019-04-30 16:19:43 UTC (1556641183)
[   22.496020] BIOS EDD facility v0.16 2004-Jun-25, 0 devices found
[   22.535955] EDD information not available.
[   22.585758] Freeing unused kernel memory: 1484K
[   22.652640] Write protecting the kernel read-only data: 14336k
[   22.704520] Freeing unused kernel memory: 1620K
[   22.739597] Freeing unused kernel memory: 68K
Loading, please wait...
starting version 229
[   22.988160] random: systemd-udevd: uninitialized urandom read (16 bytes read, 9 bits of entropy available)
[   22.988173] random: udevadm: uninitialized urandom read (16 bytes read, 9 bits of entropy available)
[   22.988211] random: udevadm: uninitialized urandom read (16 bytes read, 9 bits of entropy available)
[   23.010158] random: udevadm: uninitialized urandom read (16 bytes read, 9 bits of entropy available)
[   23.010256] random: udevadm: uninitialized urandom read (16 bytes read, 9 bits of entropy available)
[   23.010483] random: udevadm: uninitialized urandom read (16 bytes read, 9 bits of entropy available)
[   23.010570] random: udevadm: uninitialized urandom read (16 bytes read, 9 bits of entropy available)
[   23.010648] random: udevadm: uninitialized urandom read (16 bytes read, 9 bits of entropy available)
[   23.010724] random: udevadm: uninitialized urandom read (16 bytes read, 9 bits of entropy available)
[   23.010812] random: udevadm: uninitialized urandom read (16 bytes read, 9 bits of entropy available)
[   24.054161] e1000: Intel(R) PRO/1000 Network Driver - version 7.3.21-k8-NAPI
[   24.121253] e1000: Copyright (c) 1999-2006 Intel Corporation.
[   24.190137] Fusion MPT base driver 3.04.20
[   24.232148] Copyright (c) 1999-2008 LSI Corporation
[   24.496145] Fusion MPT SPI Host driver 3.04.20
[   24.591738] AVX2 version of gcm_enc/dec engaged.
[   24.643773] AES CTR mode by8 optimization enabled
[   24.764262] input: ImExPS/2 Generic Explorer Mouse as /devices/platform/i8042/serio1/input/input4
[   27.849278] e1000 0000:00:03.0 eth0: (PCI:33MHz:32-bit) 02:26:7f:6e:ca:81
[   27.907171] e1000 0000:00:03.0 eth0: Intel(R) PRO/1000 Network Connection
[   30.820882] e1000 0000:00:08.0 eth1: (PCI:33MHz:32-bit) 08:00:27:b6:d6:cd
[   30.949520] e1000 0000:00:08.0 eth1: Intel(R) PRO/1000 Network Connection
[   31.045429] e1000 0000:00:08.0 enp0s8: renamed from eth1
[   31.056257] mptbase: ioc0: Initiating bringup
[   31.181613] e1000 0000:00:03.0 enp0s3: renamed from eth0
[   31.268249] ioc0: LSI53C1030 A0: Capabilities={Initiator}
[   31.577005] scsi host2: ioc0: LSI53C1030 A0, FwRev=00000000h, Ports=1, MaxQ=256, IRQ=20
[   32.597248] scsi 2:0:0:0: Direct-Access     VBOX     HARDDISK         1.0  PQ: 0 ANSI: 5
[   32.705801] scsi target2:0:0: Beginning Domain Validation
[   32.912995] scsi target2:0:0: Domain Validation skipping write tests
[   33.072233] scsi target2:0:0: Ending Domain Validation
[   33.118182] scsi target2:0:0: asynchronous
[   33.172653] scsi 2:0:1:0: Direct-Access     VBOX     HARDDISK         1.0  PQ: 0 ANSI: 5
[   33.630732] scsi target2:0:1: Beginning Domain Validation
[   33.733966] scsi target2:0:1: Domain Validation skipping write tests
[   33.785941] scsi target2:0:1: Ending Domain Validation
[   34.065911] scsi target2:0:1: asynchronous
[   34.518018] sd 2:0:0:0: [sda] 20971520 512-byte logical blocks: (10.7 GB/10.0 GiB)
[   34.604305] sd 2:0:0:0: Attached scsi generic sg0 type 0
[   34.612330] sd 2:0:0:0: [sda] Write Protect is off
[   34.616971] sd 2:0:0:0: [sda] Incomplete mode parameter data
[   34.616974] sd 2:0:0:0: [sda] Assuming drive cache: write through
[   34.644838]  sda: sda1
[   34.662445] sd 2:0:0:0: [sda] Attached SCSI disk
[   34.924772] sd 2:0:1:0: [sdb] 20480 512-byte logical blocks: (10.5 MB/10.0 MiB)
[   35.003007] sd 2:0:1:0: Attached scsi generic sg1 type 0
[   35.066551] sd 2:0:1:0: [sdb] Write Protect is off
[   35.128793] sd 2:0:1:0: [sdb] Incomplete mode parameter data
[   35.171491] sd 2:0:1:0: [sdb] Assuming drive cache: write through
[   35.301940] sd 2:0:1:0: [sdb] Attached SCSI disk
[   38.380942] hrtimer: interrupt took 17020736 ns
Begin: Loading e[   45.063672] md: linear personality registered for level -1
ssential drivers ... [   45.238327] md: multipath personality registered for level -4
[   45.481041] md: raid0 personality registered for level 0
[   45.817531] md: raid1 personality registered for level 1
[   46.001166] raid6: sse2x1   gen()  3737 MB/s
[   46.257254] raid6: sse2x1   xor()  2192 MB/s
[   46.460164] raid6: sse2x2   gen()  2375 MB/s
[   46.613563] raid6: sse2x2   xor()  2297 MB/s
[   46.768036] raid6: sse2x4   gen()  4146 MB/s
[   46.908743] raid6: sse2x4   xor()  1819 MB/s
[   47.144277] raid6: avx2x1   gen()  6402 MB/s
[   47.259178] raid6: avx2x2   gen()  4935 MB/s
[   47.394022] raid6: avx2x4   gen()  9951 MB/s
[   47.518897] raid6: using algorithm avx2x4 gen() 9951 MB/s
[   47.553363] raid6: using avx2x2 recovery algorithm
[   47.601792] xor: automatically using best checksumming function:
[   47.688265]    avx       : 13016.000 MB/sec
[   47.718922] async_tx: api initialized (async)
[   48.037611] md: raid6 personality registered for level 6
[   48.119668] md: raid5 personality registered for level 5
[   48.178640] md: raid4 personality registered for level 4
[   48.357689] md: raid10 personality registered for level 10
done.
Begin: Running /scripts/init-premount ... done.
Begin: Mounting root file system ... Begin: Running /scripts/local-top ... done.
Begin: Running /scripts/local-premount ... [   48.983219] Btrfs loaded
Scanning for Btrfs filesystems
done.
Warning: fsck not present, so skipping root file system
[   49.518056] EXT4-fs (sda1): mounted filesystem with ordered data mode. Opts: (null)
done.
Begin: Running /scripts/local-bottom ... done.
Begin: Running /scripts/init-bottom ... done.
[   49.874087] random: nonblocking pool is initialized
[   50.797281] systemd[1]: systemd 229 running in system mode. (+PAM +AUDIT +SELINUX +IMA +APPARMOR +SMACK +SYSVINIT +UTMP +LIBCRYPTSETUP +GCRYPT +GNUTLS +ACL +XZ -LZ4 +SECCOMP +BLKID +ELFUTILS +KMOD -IDN)
[   50.978238] systemd[1]: Detected virtualization oracle.
[   51.068201] systemd[1]: Detected architecture x86-64.

Welcome to [1mUbuntu 16.04.6 LTS[0m!

[   51.188857] systemd[1]: Set hostname to <ubuntu>.
[   51.281787] systemd[1]: Initializing machine ID from random generator.
[   51.324715] systemd[1]: Installed transient /etc/machine-id file.
[   52.365869] systemd[1]: Listening on LVM2 poll daemon socket.
[[0;32m  OK  [0m] Listening on LVM2 poll daemon socket.
[   52.634561] systemd[1]: Listening on udev Kernel Socket.
[[0;32m  OK  [0m] Listening on udev Kernel Socket.
[   52.753015] systemd[1]: Reached target Encrypted Volumes.
[[0;32m  OK  [0m] Reached target Encrypted Volumes.
[   52.863191] systemd[1]: Started Trigger resolvconf update for networkd DNS.
[[0;32m  OK  [0m] Started Trigger resolvconf update for networkd DNS.
[   53.019238] systemd[1]: Created slice User and Session Slice.
[[0;32m  OK  [0m] Created slice User and Session Slice.
[   53.165637] systemd[1]: Created slice System Slice.
[[0;32m  OK  [0m] Created slice System Slice.
[   53.269802] systemd[1]: Created slice system-serial\x2dgetty.slice.
[[0;32m  OK  [0m] Created slice system-serial\x2dgetty.slice.
[   53.403358] systemd[1]: Listening on LVM2 metadata daemon socket.
[[0;32m  OK  [0m] Listening on LVM2 metadata daemon socket.
[   53.495784] systemd[1]: Listening on Journal Socket (/dev/log).
[[0;32m  OK  [0m] Listening on Journal Socket (/dev/log).
[   53.779265] systemd[1]: Set up automount Arbitrary Executable File Formats File System Automount Point.
[[0;32m  OK  [0m] Set up automount Arbitrary Executab...ats File System Automount Point.
[   54.062846] systemd[1]: Listening on /dev/initctl Compatibility Named Pipe.
[[0;32m  OK  [0m] Listening on /dev/initctl Compatibility Named Pipe.
[   54.266880] systemd[1]: Reached target Slices.
[[0;32m  OK  [0m] Reached target Slices.
[   54.419572] systemd[1]: Listening on Syslog Socket.
[[0;32m  OK  [0m] Listening on Syslog Socket.
[   54.592522] systemd[1]: Listening on Journal Audit Socket.
[[0;32m  OK  [0m] Listening on Journal Audit Socket.
[   54.711309] systemd[1]: Started Forward Password Requests to Wall Directory Watch.
[[0;32m  OK  [0m] Started Forward Password Requests to Wall Directory Watch.
[   54.808043] systemd[1]: Listening on udev Control Socket.
[[0;32m  OK  [0m] Listening on udev Control Socket.
[   54.877036] systemd[1]: Listening on Journal Socket.
[[0;32m  OK  [0m] Listening on Journal Socket.
[   54.977215] systemd[1]: Mounting POSIX Message Queue File System...
         Mounting POSIX Message Queue File System...
[   55.068452] systemd[1]: Starting Remount Root and Kernel File Systems...
         Starting Remount[   55.134604] EXT4-fs (sda1): re-mounted. Opts: (null)
 Root and Kernel File Systems...
[   55.220292] systemd[1]: Starting Load Kernel Modules...
         Starting Load Ke[   55.321280] Loading iSCSI transport class v2.0-870.
rnel Modules...
[   55.395569] systemd[1]: Starting Journal Service...
         Starting Journal Servic[   55.448722] iscsi: registered transport (tcp)
e...
[   55.614631] systemd[1]: Starting Create list of required static device nodes for the current kernel...
         Starting Create list of required st... nodes for the current kernel...
[   55.802396] systemd[1]: Starting Set console keymap...
         Starting Set console keymap...
[   55.877553] systemd[1]: Mounting Debug File System...
         Mounting Debug File System...
[   55.936358] systemd[1]: Starting Uncomplicated firewall...
         Starting Uncomplicated firewall...
[   56.064475] systemd[1]: Mounting Huge Pages File System...
         Mounting Huge Pages File System...
[   56.189976] systemd[1]: Reached target User and Group Name Lookups.
[[0;32m  OK  [0m] Reached target User and Group Name Lookups.
[   56.464326] systemd[1]: Reached target System Time Synchronized.
[[0;32m  OK  [0m] Reached target System Time Synchronized.
[   56.685045] systemd[1]: Starting Nameserver information manager...
         Starting Nameserver information manager...
[   56.765964] systemd[1]: Reached target Swap.
[   56.796106] iscsi: registered transport (iser)
[[0;32m  OK  [0m] Reached target Swap.
[   56.893248] systemd[1]: Listening on Device-mapper event daemon FIFOs.
[[0;32m  OK  [0m] Listening on Device-mapper event daemon FIFOs.
[   57.028387] systemd[1]: Starting Monitoring of LVM2 mirrors, snapshots etc. using dmeventd or progress polling...
         Starting Monitoring of LVM2 mirrors... dmeventd or progress polling...
[   57.210792] systemd[1]: Mounted Debug File System.
[[0;32m  OK  [0m] Mounted Debug File System.
[   57.333075] systemd[1]: Mounted Huge Pages File System.
[[0;32m  OK  [0m] Mounted Huge Pages File System.
[   57.591315] systemd[1]: Mounted POSIX Message Queue File System.
[[0;32m  OK  [0m] Mounted POSIX Message Queue File System.
[   57.721451] systemd[1]: Started Journal Service.
[[0;32m  OK  [0m] Started Journal Service.
[[0;32m  OK  [0m] Started Remount Root and Kernel File Systems.
[[0;32m  OK  [0m] Started Load Kernel Modules.
[[0;32m  OK  [0m] Started Create list of required sta...ce nodes for the current kernel.
[[0;32m  OK  [0m] Started Set console keymap.
[[0;32m  OK  [0m] Started Uncomplicated firewall.
[[0;32m  OK  [0m] Started Nameserver information manager.
[[0;32m  OK  [0m] Started LVM2 metadata daemon.
         Starting Create Static Device Nodes in /dev...
         Mounting FUSE Control File System...
         Starting Apply Kernel Variables...
         Starting udev Coldplug all Devices...
         Starting Load/Save Random Seed...
         Starting Flush Journal to Persistent Storage...
[[0;32m  OK  [0m] Mounted FUSE Control File System.
[[0;32m  OK  [0m] Started Monitoring of LVM2 mirrors,...ng dmeventd or progress polling.
[[0;32m  OK  [0m] Started Create Static Device Nodes in /dev.
[[0;32m  OK  [0m] Started Apply Kernel Variables.
[[0;32m  OK  [0m] Started Load/Save Random Seed.
[[0;32m  OK  [0m] Started udev Coldplug all Devices.
         Starting udev Kernel Device Manager...
[[0;32m  OK  [0m] Reached target Local File Systems (Pre).
[[0;32m  OK  [0m] Reached target Local File Systems.
         Starting Set console font and keymap...
         Starting Commit a transient machine-id on disk...
         Starting Initial cloud-init job (pre-networking)...
         Starting Tell Plymouth To Write Out Runtime Data...
         Starting LSB: AppArmor initialization...
[[0;32m  OK  [0m] Started udev Kernel Device Manager.
[[0;32m  OK  [0m] Started Flush Journal to Persistent Storage.
[[0;32m  OK  [0m] [   57.424146] cloud-init[475]: Cloud-init v. 18.5-45-g3554ffe8-0ubuntu1~16.04.1 running 'init-local' at Tue, 30 Apr 2019 16:20:26 +0000. Up 55.91 seconds.
Started Commit a transient machine-id on disk.
[[0;32m  OK  [0m] Started Tell Plymouth To Write Out Runtime Data.
[[0;32m  OK  [0m] Started Initial cloud-init job (pre-networking).
[[0;32m  OK  [0m] Found device /dev/ttyS0.
[[0;32m  OK  [0m] Started LSB: AppArmor initialization.
[[0;32m  OK  [0m] Listening on Load/Save RF Kill Switch Status /dev/rfkill Watch.
[[0;32m  OK  [0m] Reached target Network (Pre).
         Starting Raise network interfaces...
         Starting Create Volatile Files and Directories...
[[0;32m  OK  [0m] Started Dispatch Password Requests to Console Directory Watch.
[[0;32m  OK  [0m] Started Set console font and keymap.
[[0;32m  OK  [0m] Started Create Volatile Files and Directories.
         Starting Update UTMP about System Boot/Shutdown...
[[0;32m  OK  [0m] Created slice system-getty.slice.
[[0;32m  OK  [0m] Started Update UTMP about System Boot/Shutdown.
[[0;32m  OK  [0m] Started Raise network interfaces.
         Starting Initial cloud-init job (metadata service crawler)...
[[0;32m  OK  [0m] Reached target Network.
[   82.866487] cloud-init[951]: Cloud-init v. 18.5-45-g3554ffe8-0ubuntu1~16.04.1 running 'init' at Tue, 30 Apr 2019 16:20:51 +0000. Up 80.40 seconds.
[   83.135156] cloud-init[951]: ci-info: ++++++++++++++++++++++++++++++++++++++Net device info+++++++++++++++++++++++++++++++++++++++
[   83.155211] cloud-init[951]: ci-info: +--------+-------+----------------------------+---------------+--------+-------------------+
[   83.155611] cloud-init[951]: ci-info: | Device |   Up  |          Address           |      Mask     | Scope  |     Hw-Address    |
[   83.155782] cloud-init[951]: ci-info: +--------+-------+----------------------------+---------------+--------+-------------------+
[   83.155929] cloud-init[951]: ci-info: | enp0s3 |  True |         10.0.2.15          | 255.255.255.0 | global | 02:26:7f:6e:ca:81 |
[[   83.177176] cloud-init[951]: ci-info: | enp0s3 |  True | fe80::26:7fff:fe6e:ca81/64 |       .       |  link  | 02:26:7f:6e:ca:81 |
[   83.177519] cloud-init[951]: ci-info: | enp0s8 | False |             .              |       .       |   .    | 08:00:27:b6:d6:cd |
[   83.178683] cloud-init[951]: ci-info: |   lo   |  True |         127.0.0.1          |   255.0.0.0   |  host  |         .         |
[   83.178874] cloud-init[951]: ci-info: |   lo   |  True |          ::1/128           |       .       |  host  |         .         |
[0;32m  OK  [0m] Started Initial cloud-init job (metadata service crawler).
[[0;32m  OK  [0m] Reached target System Initialization.
[[0;32m  OK  [0m] Listening on UUID daemon activation socket.
[   83.179091] cloud-init[951]: ci-info: +--------+-------+----------------------------+---------------+--------+-------------------+
[   84.722469] [[0;32m  OK  [0m] Started ACPI Events Check.
[[0;32m  OK  [0m] Reached target Paths.
[[0;32m  OK  [0m] Listening on ACPID Listen Socket.
[[0;32m  OK  [0m] Started Daily apt download activities.
[[0;32m  OK  [0m] Started Daily apt upgrade and clean activities.
[[0;32m  OK  [0m] Listening on D-Bus System Message Bus Socket.
[[0;32m  OK  [0m] Started Daily Cleanup of Temporary Directories.
[[0;32m  OK  [0m] Reached target Timers.
         Starting LXD - unix socket.
         Starting Socket activation for snappy daemon.
[[0;32m  OK  [0m] Reached target Cloud-config availability.
[[0;32m  OK  [0m] Reached target Network is Online.
cloud-init[951]: ci-info: +++++++++++++++++++++++++++Route IPv4 info++++++++++++++++++++++++++++
[   85.124290] cloud-init[951]: ci-info: +-------+-------------+----------+---------------+-----------+-------+
[   85.233684] cloud-init[951]: ci-info: | Route | Destination | Gateway  |    Genmask    | Interface | Flags |
[   85.304766] cloud-init[951]: ci-info: +-------+-------------+----------+---------------+-----------+-------+
[   85.319636] cloud-init[951]: ci-info: |   0   |   0.0.0.0   | 10.0.2.2 |    0.0.0.0    |   enp0s3  |   UG  |
[   85.319741] cloud-init[951]: ci-info: |   1   |   10.0.2.0  | 0.0.0.0  | 255.255.255.0 |   enp0s3  |   U   |
[   85.319810] cloud-init[951]: ci-info: +-------+-------------+----------+---------------+-----------+-------+
[   85.319874] cloud-init[951]: ci-info: +++++++++++++++++++Route IPv6 info+++++++++++++++++++
[   85.320009] cloud-init[951]: ci-info: +-------+-------------+---------+-----------+-------+
[   85.320080] cloud-init[951]: ci-info: | Route | Destination | Gateway | Interface | Flags |
[   85.320143] cloud-init[951]: ci-info: +-------+-------------+---------+-----------+-------+
[   85.320213] cloud-init[951]: ci-info: |   0   |  fe80::/64  |    ::   |   enp0s3  |   U   |
         Starting iSCSI initiator daemon (iscsid)...
[   85.321128] cloud-init[951]: [[0;32m  OK  [0m] Listening on LXD - unix socket.
[[0;32m  OK  [0m] Listening on Socket activation for snappy daemon.
ci-info: |   4   |   ff00::/8  |    ::   |   enp0s3  |   U   |
[[0;32m  OK  [0m] Reached target Sockets.
[[0;32m  OK  [0m] Reached target Basic System.
[   87.052650] cloud-init[951]: ci-info: +-------+-------------+---------+-----------+-------+
[[0;32m  OK  [0m] Started D-Bus System Message Bus.
[   87.327563] cloud-init[951]: Generating public/private rsa key pair.
[   87.551166] cloud-init[951]: Your identification has been saved in /etc/ssh/ssh_host_rsa_key.
[   87.551258] cloud-init[951]: Your public key has been saved in /etc/ssh/ssh_host_rsa_key.pub.
[   87.551333] cloud-init[951]: The key fingerprint is:
[   87.551404] cloud-init[951]: SHA256:dt5dFBUpF3ZibdaX3BAIhbXe8YFCoYTIjCaH5gUdRxs root@ubuntu-xenial
[   87.551474] cloud-init[951]: The key's randomart image is:
[   87.551605] cloud-init[951]: +---[RSA 2048]----+
[   87.551719] cloud-init[951]: | .+.*E. ...B+.*O@|
[   87.551795] cloud-init[951]: | + *.+o.. + .+o*X|
[   87.551863] cloud-init[951]: |o =  .   . ...++o|
[   87.551930] cloud-init[951]: | .         ... +.|
[   87.552002] cloud-init[951]: |        S . . . o|
[   87.552481] cloud-init[951]: |       . o . . . |
[   87.552561] cloud-init[951]: |          . . .  |
[   87.552671] cloud-init[951]: |                 |
[   87.552744] cloud-init[951]: |                 |
[   87.552824] cloud-init[951]: +----[SHA256]-----+
[   87.552895] cloud-init[951]: Generating public/private dsa key pair.
[   87.553043] cloud-init[951]: Your identification has been saved in /etc/ssh/ssh_host_dsa_key.
[   87.553123] cloud-init[951]: Your public key has been saved in /etc/ssh/ssh_host_dsa_key.pub.
[   87.553194] cloud-init[951]: The key fingerprint is:
[   87.553268] cloud-init[951]: SHA256:XpJwcxDeSoI7G4AapnCA4eN9SoZt5phzskn7ogkC+fI root@ubuntu-xenial
[   87.553347] cloud-init[951]: The key's randomart image is:
[   87.553416] cloud-init[951]: +---[DSA 1024]----+
[   87.553486] cloud-init[951]: |+.      o.       |
[   87.553561] cloud-init[951]: |oo   . . o       |
[   87.553629] cloud-init[951]: |++o . o = o      |
[   87.553725] cloud-init[951]: |*+=. . = =       |
[   87.553798] cloud-init[951]: |=o B+.  S .      |
[   87.553869] cloud-init[951]: |..O o+ . o       |
[   87.553937] cloud-init[951]: |+*.+.   .        |
[   87.554004] cloud-init[951]: |+=B              |
[   87.554072] cloud-init[951]: |++E.             |
[   87.554141] cloud-init[951]: +----[SHA256]-----+
[   87.554209] cloud-init[951]: Generating public/private ecdsa key pair.
[   87.554279] cloud-init[951]: Your identification has been saved in /etc/ssh/ssh_host_ecdsa_key.
[   87.554348] cloud-init[951]: Your public key has been saved in /etc/ssh/ssh_host_ecdsa_key.pub.
[   87.554427] cloud-init[951]: The key fingerprint is:
[   87.554496] cloud-init[951]: SHA256:LMNCGJUw2L5mAL4rbLTx5l4Vlt2xZvEcxkcwRB25P7k root@ubuntu-xenial
[   87.554569] cloud-init[951]: The key's randomart image is:
[   87.554639] cloud-init[951]: +---[ECDSA 256]---+
[   87.554710] cloud-init[951]: | o+o..     o+B+oo|
[   87.554780] cloud-init[951]: |o .+.   o . B.o+ |
[   87.554851] cloud-init[951]: |o.. .  + . = o. .|
[   87.554923] cloud-init[951]: |.... .... o    . |
[   87.555005] cloud-init[951]: | .... +.S       o|
[   87.555096] cloud-init[951]: | ++  ..o       o.|
[   87.555167] cloud-init[951]: |oo=  .          o|
[   87.555232] cloud-init[951]: |.= o.          E |
[   87.555294] cloud-init[951]: |o +o             |
[   87.555363] cloud-init[951]: +----[SHA256]-----+
[   87.555427] cloud-init[951]: Generating public/private ed25519 key pair.
[   87.555489] cloud-init[951]: Your identification has been saved in /etc/ssh/ssh_host_ed25519_key.
[   87.555560] cloud-init[951]: Your public key has been saved in /etc/ssh/ssh_host_ed25519_key.pub.
[   87.555643] cloud-init[951]: The key fingerprint is:
[   87.555707] cloud-init[951]: SHA256:urI5b6uspIIK28t/qWBpC8LVgYFZgZ0IgDfYM5qeuPk root@ubuntu-xenial
[   87.555786] cloud-init[951]: The key's randomart image is:
[   87.555847] cloud-init[951]: +--[ED25519 256]--+
[   87.555910] cloud-init[951]: |*oB+o            |
[   87.555975] cloud-init[951]: |o=*oo            |
[   87.556489] cloud-init[951]: | + = .           |
[   87.556574] cloud-init[951]: |o   . .          |
[   87.556649] cloud-init[951]: |o .. .  S        |
[   87.556719] cloud-init[951]: |oo..   .         |
[   87.556789] cloud-init         Starting Virtualbox guest utils...
[951]: |=+*   ..         |
[   92.025615] cloud-init[951]: |BX +o.+.         |
[   92.025706] cloud-init[951]: |*.E+BX+.         |
[   92.025773] cloud-init[951]: +----[SHA256]-----+
[[0;32m  OK  [0m] Started FUSE filesystem for LXC.
         Starting /etc/rc.local Compatibility...
[[0;32m  OK  [0m] Started Regular background program processing daemon.
         Starting Pollinate to seed the pseudo random number generator...
[[0;32m  OK  [0m] Started Deferred execution scheduler.
         Starting Accounts Service...
         Starting System Logging Service...
         Starting LSB: MD monitoring daemon...
         Starting LSB: Record successful boot for GRUB...
         Starting Login Service...
         Starting Snappy daemon...
[[0;32m  OK  [0m] Started ACPI event daemon.
         Starting LXD - container startup/shutdown...
[[0;32m  OK  [0m] Started System Logging Service.
[[0;32m  OK  [0m] Started iSCSI initiator daemon (iscsid).
[[0;32m  OK  [0m] Started /etc/rc.local Compatibility.
[[0;32m  OK  [0m] Started Login Service.
[[0;32m  OK  [0m] Started LSB: MD monitoring daemon.
[[0;32m  OK  [0m] Started LSB: Record successful boot for GRUB.
[[0;32m  OK  [0m] Started Unattended Upgrades Shutdown.
         Starting Authenticate and Authorize Users to Run Privileged Tasks...
         Starting Login to default iSCSI targets...
[[0;32m  OK  [0m] Started Virtualbox guest utils.
[[0;32m  OK  [0m] Started Pollinate to seed the pseudo random number generator.
[[0;32m  OK  [0m] Started LXD - container startup/shutdown.
[[0;32m  OK  [0m] Started Snappy daemon.
[[0;32m  OK  [0m] Started Authenticate and Authorize Users to Run Privileged Tasks.
[[0;32m  OK  [0m] Started Accounts Service.
         Starting Wait until snapd is fully seeded...
         Starting OpenBSD Secure Shell server...
[[0;32m  OK  [0m] Started Login to default iSCSI targets.
[[0;32m  OK  [0m] Started OpenBSD Secure Shell server.
[[0;32m  OK  [0m] Reached target Remote File Systems (Pre).
[[0;32m  OK  [0m] Reached target Remote File Systems.
         Starting LSB: Set the CPU Frequency Scaling governor to "ondemand"...
         Starting Permit User Sessions...
         Starting LSB: automatic crash report generation...
         Starting LSB: daemon to balance interrupts for SMP systems...
[[0;32m  OK  [0m] Started Permit User Sessions.
[[0;32m  OK  [0m] Started LSB: Set the CPU Frequency Scaling governor to "ondemand".
         Starting Terminate Plymouth Boot Screen...
         Starting Hold until boot process finishes up...
[[0;32m  OK  [0m] Started LSB: automatic crash report generation.
[[0;32m  OK  [0m] Started LSB: daemon to balance interrupts for SMP systems.
[[0;32m  OK  [0m] Started Terminate Plymouth Boot Screen.
[[0;32m  OK  [0m] Started Hold until boot process finishes up.
[[0;32m  OK  [0m] Created slice User Slice of vagrant.
         Starting User Manager for UID 1000...
[[0;32m  OK  [0m] Started Session 1 of user vagrant.
[[0;32m  OK  [0m] Started Getty on tty1.
[[0;32m  OK  [0m] Started Serial Getty on ttyS0.
[[0;32m  OK  [0m] Reached target Login Prompts.
         Starting Set console scheme...
[[0;32m  OK  [0m] Started User Manager for UID 1000.
[[0;32m  OK  [0m] Started Set console scheme.

Ubuntu 16.04.6 LTS ubuntu-xenial ttyS0

ubuntu-xenial login: [  106.547611] cloud-init[1467]: Generating locales (this might take a while)...
[  109.628090] cloud-init[1467]:   en_US.UTF-8... done
[  109.646487] cloud-init[1467]: Generation complete.
[  111.542044] cloud-init[1467]: Cloud-init v. 18.5-45-g3554ffe8-0ubuntu1~16.04.1 running 'modules:config' at Tue, 30 Apr 2019 16:21:16 +0000. Up 106.10 seconds.
ci-info: no authorized ssh keys fingerprints found for user ubuntu.
<14>Apr 30 16:21:24 ec2: 
<14>Apr 30 16:21:24 ec2: #############################################################
<14>Apr 30 16:21:24 ec2: -----BEGIN SSH HOST KEY FINGERPRINTS-----
<14>Apr 30 16:21:24 ec2: 1024 SHA256:XpJwcxDeSoI7G4AapnCA4eN9SoZt5phzskn7ogkC+fI root@ubuntu-xenial (DSA)
<14>Apr 30 16:21:24 ec2: 256 SHA256:LMNCGJUw2L5mAL4rbLTx5l4Vlt2xZvEcxkcwRB25P7k root@ubuntu-xenial (ECDSA)
<14>Apr 30 16:21:24 ec2: 256 SHA256:urI5b6uspIIK28t/qWBpC8LVgYFZgZ0IgDfYM5qeuPk root@ubuntu-xenial (ED25519)
<14>Apr 30 16:21:24 ec2: 2048 SHA256:dt5dFBUpF3ZibdaX3BAIhbXe8YFCoYTIjCaH5gUdRxs root@ubuntu-xenial (RSA)
<14>Apr 30 16:21:24 ec2: -----END SSH HOST KEY FINGERPRINTS-----
<14>Apr 30 16:21:24 ec2: #############################################################
-----BEGIN SSH HOST KEY KEYS-----
ecdsa-sha2-nistp256 AAAAE2VjZHNhLXNoYTItbmlzdHAyNTYAAAAIbmlzdHAyNTYAAABBBDJrh6wJxnlF5/UwQZ9zBzDUg1OcqEWtAtIqQ6WdtAyMtERC8tavnmtPrtMV3UuMs7t/FDbIDoM6HKa3BcFXv2U= root@ubuntu-xenial
ssh-ed25519 AAAAC3NzaC1lZDI1NTE5AAAAILav/r9w0K229F4ck+5/qzXN6DNylQU8L5tTryK/fsxr root@ubuntu-xenial
ssh-rsa AAAAB3NzaC1yc2EAAAADAQABAAABAQDlBJdmlZZWFQ3JEnw3PMT4oS5h90MBGtiFzil5S7O6UelRjHf8x2iyVLLN4nqYAFkB57VuCQQupRXbtVEtTIhWj3of5JoyXRBV/iuVumxFpG5Tt2/U78oxPgrR0A2jYydpHKzgaeiF2Z1NVko9d5ofikF0i+j8TCMcv6lekW5KUNTJL7rBauhZOt7H/5JD6iX+/WZOXP1AVCb/55Ha81w7V8VWg/P4EjFLRfPK3sKG1RehG5BZR2Jo9z0s7UZlEIHHSM82CmDG/n932QD4VsAdLiYrBLGhsB6TeVL3DkDH/vzbiFO2f6yjJ8qiNpk7Kuxm7hDadnkgvcNboiAtRd45 root@ubuntu-xenial
-----END SSH HOST KEY KEYS-----
[  113.844303] cloud-init[1693]: Cloud-init v. 18.5-45-g3554ffe8-0ubuntu1~16.04.1 running 'modules:final' at Tue, 30 Apr 2019 16:21:24 +0000. Up 113.17 seconds.
[  113.964977] cloud-init[1693]: ci-info: no authorized ssh keys fingerprints found for user ubuntu.
[  113.965078] cloud-init[1693]: Cloud-init v. 18.5-45-g3554ffe8-0ubuntu1~16.04.1 finished at Tue, 30 Apr 2019 16:21:24 +0000. Datasource DataSourceNoCloud [seed=/dev/sdb][dsmode=net].  Up 113.81 seconds
